[2025-10-06 00:55:24] === JOB CARDS PROCESSOR INITIALIZED ===
[2025-10-06 00:55:24] Timestamp: 2025-10-06 00:55:24.315773
[2025-10-06 00:55:24] Python version: 3.12.7 (tags/v3.12.7:0b05ead, Oct  1 2024, 03:06:41) [MSC v.1941 64 bit (AMD64)]
[2025-10-06 00:55:24] Working directory: C:\Users\ACER\Desktop\manak-automations25\manak-automation
[2025-10-06 00:55:24] Script directory: C:\Users\ACER\Desktop\manak-automations25\manak-automation
[2025-10-06 00:55:24] Log file: C:\Users\ACER\Desktop\manak-automations25\manak-automation\logs\job_cards_debug_20251006_005524.log
[2025-10-06 00:55:50] === LOAD JOB CARDS DATA CALLED ===
[2025-10-06 00:55:50] Firm ID set to: 2
[2025-10-06 00:55:50] Starting worker thread...
[2025-10-06 00:55:50] === WORKER THREAD STARTED ===
[2025-10-06 00:55:50] Attempting database connection...
[2025-10-06 00:55:50] Database connection attempt 1/3
[2025-10-06 00:55:50] Running in executable mode: False
[2025-10-06 00:55:51] Database connection successful on attempt 1
[2025-10-06 00:55:59] Database connection attempt 1/3
[2025-10-06 00:55:59] Running in executable mode: False
[2025-10-06 00:55:59] Database connection successful on attempt 1
[2025-10-06 00:56:22] === LOAD JOB CARDS DATA CALLED ===
[2025-10-06 00:56:22] Firm ID set to: 2
[2025-10-06 00:56:22] Starting worker thread...
[2025-10-06 00:56:22] === WORKER THREAD STARTED ===
[2025-10-06 00:56:22] Attempting database connection...
[2025-10-06 00:56:22] Database connection attempt 1/3
[2025-10-06 00:56:22] Running in executable mode: False
[2025-10-06 00:56:22] Database connection successful on attempt 1
[2025-10-06 00:56:32] Database connection attempt 1/3
[2025-10-06 00:56:32] Running in executable mode: False
[2025-10-06 00:56:32] Database connection successful on attempt 1
[2025-10-06 00:56:58] Database connection attempt 1/3
[2025-10-06 00:56:58] Running in executable mode: False
[2025-10-06 00:56:58] === LOAD JOB CARDS DATA CALLED ===
[2025-10-06 00:56:58] Firm ID set to: 2
[2025-10-06 00:56:58] Starting worker thread...
[2025-10-06 00:56:58] === WORKER THREAD STARTED ===
[2025-10-06 00:56:58] Attempting database connection...
[2025-10-06 00:56:58] Database connection attempt 1/3
[2025-10-06 00:56:58] Running in executable mode: False
[2025-10-06 00:56:59] Database connection successful on attempt 1
[2025-10-06 00:56:59] Database connection successful on attempt 1
[2025-10-06 00:57:11] Database connection attempt 1/3
[2025-10-06 00:57:11] Running in executable mode: False
[2025-10-06 00:57:11] Database connection successful on attempt 1
[2025-10-06 00:57:12] Database connection attempt 1/3
[2025-10-06 00:57:12] Running in executable mode: False
[2025-10-06 00:57:12] Database connection successful on attempt 1
[2025-10-06 00:57:13] Database connection attempt 1/3
[2025-10-06 00:57:13] Running in executable mode: False
[2025-10-06 00:57:13] Database connection successful on attempt 1
[2025-10-06 00:57:14] Database connection attempt 1/3
[2025-10-06 00:57:14] Running in executable mode: False
[2025-10-06 00:57:14] Database connection successful on attempt 1
[2025-10-06 00:57:14] === LOAD JOB CARDS DATA CALLED ===
[2025-10-06 00:57:14] Firm ID set to: 2
[2025-10-06 00:57:14] Starting worker thread...
[2025-10-06 00:57:14] === WORKER THREAD STARTED ===
[2025-10-06 00:57:14] Attempting database connection...
[2025-10-06 00:57:14] Database connection attempt 1/3
[2025-10-06 00:57:14] Running in executable mode: False
[2025-10-06 00:57:14] Database connection successful on attempt 1
[2025-10-06 00:57:42] === LOAD JOB CARDS DATA CALLED ===
[2025-10-06 00:57:42] Firm ID set to: 2
[2025-10-06 00:57:42] Starting worker thread...
[2025-10-06 00:57:42] === WORKER THREAD STARTED ===
[2025-10-06 00:57:42] Attempting database connection...
[2025-10-06 00:57:42] Database connection attempt 1/3
[2025-10-06 00:57:42] Running in executable mode: False
[2025-10-06 00:57:42] Database connection successful on attempt 1
