[2025-10-03 01:18:52] === JOB CARDS PROCESSOR INITIALIZED ===
[2025-10-03 01:18:52] Timestamp: 2025-10-03 01:18:52.050682
[2025-10-03 01:18:52] Python version: 3.12.7 (tags/v3.12.7:0b05ead, Oct  1 2024, 03:06:41) [MSC v.1941 64 bit (AMD64)]
[2025-10-03 01:18:52] Working directory: C:\Users\ACER\Desktop\manak-automations25\manak-automation
[2025-10-03 01:18:52] Script directory: C:\Users\ACER\Desktop\manak-automations25\manak-automation
[2025-10-03 01:18:52] Log file: C:\Users\ACER\Desktop\manak-automations25\manak-automation\logs\job_cards_debug_20251003_011852.log
[2025-10-03 01:19:31] Database connection attempt 1/3
[2025-10-03 01:19:31] Running in executable mode: False
[2025-10-03 01:19:31] Database connection successful on attempt 1
[2025-10-03 01:20:34] Database connection attempt 1/3
[2025-10-03 01:20:34] Running in executable mode: False
[2025-10-03 01:20:35] Database connection successful on attempt 1
[2025-10-03 01:21:38] Database connection attempt 1/3
[2025-10-03 01:21:38] Running in executable mode: False
[2025-10-03 01:21:38] Database connection successful on attempt 1
[2025-10-03 01:21:56] Database connection attempt 1/3
[2025-10-03 01:21:56] Running in executable mode: False
[2025-10-03 01:21:56] === LOAD JOB CARDS DATA CALLED ===
[2025-10-03 01:21:56] Firm ID set to: 1
[2025-10-03 01:21:56] Starting worker thread...
[2025-10-03 01:21:56] === WORKER THREAD STARTED ===
[2025-10-03 01:21:56] Attempting database connection...
[2025-10-03 01:21:56] Database connection attempt 1/3
[2025-10-03 01:21:56] Running in executable mode: False
[2025-10-03 01:21:56] Database connection successful on attempt 1
[2025-10-03 01:21:56] Database connection successful on attempt 1
[2025-10-03 01:21:57] Database connection attempt 1/3
[2025-10-03 01:21:57] Running in executable mode: False
[2025-10-03 01:21:57] Database connection successful on attempt 1
[2025-10-03 01:21:58] Database connection attempt 1/3
[2025-10-03 01:21:58] Running in executable mode: False
[2025-10-03 01:21:58] Database connection successful on attempt 1
[2025-10-03 01:21:58] === LOAD JOB CARDS DATA CALLED ===
[2025-10-03 01:21:58] Firm ID set to: 1
[2025-10-03 01:21:58] Starting worker thread...
[2025-10-03 01:21:58] === WORKER THREAD STARTED ===
[2025-10-03 01:21:58] Attempting database connection...
[2025-10-03 01:21:58] Database connection attempt 1/3
[2025-10-03 01:21:58] Running in executable mode: False
[2025-10-03 01:21:59] Database connection successful on attempt 1
[2025-10-03 01:22:59] Database connection attempt 1/3
[2025-10-03 01:22:59] Running in executable mode: False
[2025-10-03 01:23:00] Database connection successful on attempt 1
[2025-10-03 01:23:19] Database connection attempt 1/3
[2025-10-03 01:23:19] Running in executable mode: False
[2025-10-03 01:23:19] === LOAD JOB CARDS DATA CALLED ===
[2025-10-03 01:23:19] Firm ID set to: 1
[2025-10-03 01:23:19] Starting worker thread...
[2025-10-03 01:23:19] === WORKER THREAD STARTED ===
[2025-10-03 01:23:19] Attempting database connection...
[2025-10-03 01:23:19] Database connection attempt 1/3
[2025-10-03 01:23:19] Running in executable mode: False
[2025-10-03 01:23:19] Database connection successful on attempt 1
[2025-10-03 01:23:19] Database connection successful on attempt 1
[2025-10-03 01:23:20] Database connection attempt 1/3
[2025-10-03 01:23:20] Running in executable mode: False
[2025-10-03 01:23:21] Database connection successful on attempt 1
[2025-10-03 01:23:21] Database connection attempt 1/3
[2025-10-03 01:23:21] Running in executable mode: False
[2025-10-03 01:23:22] Database connection successful on attempt 1
[2025-10-03 01:23:22] Database connection attempt 1/3
[2025-10-03 01:23:22] Running in executable mode: False
[2025-10-03 01:23:23] Database connection successful on attempt 1
[2025-10-03 01:23:23] Database connection attempt 1/3
[2025-10-03 01:23:23] Running in executable mode: False
[2025-10-03 01:23:24] Database connection successful on attempt 1
[2025-10-03 01:23:25] Database connection attempt 1/3
[2025-10-03 01:23:25] Running in executable mode: False
[2025-10-03 01:23:25] Database connection successful on attempt 1
[2025-10-03 01:23:26] Database connection attempt 1/3
[2025-10-03 01:23:26] Running in executable mode: False
[2025-10-03 01:23:26] Database connection successful on attempt 1
[2025-10-03 01:23:26] Database connection attempt 1/3
[2025-10-03 01:23:26] Running in executable mode: False
[2025-10-03 01:23:27] Database connection successful on attempt 1
[2025-10-03 01:23:27] Database connection attempt 1/3
[2025-10-03 01:23:27] Running in executable mode: False
[2025-10-03 01:23:27] Database connection successful on attempt 1
[2025-10-03 01:23:28] Database connection attempt 1/3
[2025-10-03 01:23:28] Running in executable mode: False
[2025-10-03 01:23:28] Database connection successful on attempt 1
[2025-10-03 01:23:29] Database connection attempt 1/3
[2025-10-03 01:23:29] Running in executable mode: False
[2025-10-03 01:23:29] Database connection successful on attempt 1
[2025-10-03 01:23:30] Database connection attempt 1/3
[2025-10-03 01:23:30] Running in executable mode: False
[2025-10-03 01:23:30] Database connection successful on attempt 1
[2025-10-03 01:23:30] Database connection attempt 1/3
[2025-10-03 01:23:30] Running in executable mode: False
[2025-10-03 01:23:30] Database connection successful on attempt 1
[2025-10-03 01:23:31] Database connection attempt 1/3
[2025-10-03 01:23:31] Running in executable mode: False
[2025-10-03 01:23:32] Database connection successful on attempt 1
[2025-10-03 01:23:32] Database connection attempt 1/3
[2025-10-03 01:23:32] Running in executable mode: False
[2025-10-03 01:23:32] Database connection successful on attempt 1
[2025-10-03 01:23:33] Database connection attempt 1/3
[2025-10-03 01:23:33] Running in executable mode: False
[2025-10-03 01:23:33] Database connection successful on attempt 1
[2025-10-03 01:23:34] Database connection attempt 1/3
[2025-10-03 01:23:34] Running in executable mode: False
[2025-10-03 01:23:34] Database connection successful on attempt 1
[2025-10-03 01:23:34] Database connection attempt 1/3
[2025-10-03 01:23:34] Running in executable mode: False
[2025-10-03 01:23:35] Database connection successful on attempt 1
[2025-10-03 01:23:35] Database connection attempt 1/3
[2025-10-03 01:23:35] Running in executable mode: False
[2025-10-03 01:23:36] Database connection successful on attempt 1
[2025-10-03 01:23:36] Database connection attempt 1/3
[2025-10-03 01:23:36] Running in executable mode: False
[2025-10-03 01:23:36] Database connection successful on attempt 1
[2025-10-03 01:23:36] === LOAD JOB CARDS DATA CALLED ===
[2025-10-03 01:23:36] Firm ID set to: 1
[2025-10-03 01:23:36] Starting worker thread...
[2025-10-03 01:23:36] === WORKER THREAD STARTED ===
[2025-10-03 01:23:37] Attempting database connection...
[2025-10-03 01:23:37] Database connection attempt 1/3
[2025-10-03 01:23:37] Running in executable mode: False
[2025-10-03 01:23:37] Database connection successful on attempt 1
[2025-10-03 01:24:22] Database connection attempt 1/3
[2025-10-03 01:24:22] Running in executable mode: False
[2025-10-03 01:24:23] Database connection successful on attempt 1
[2025-10-03 01:25:26] Database connection attempt 1/3
[2025-10-03 01:25:26] Running in executable mode: False
[2025-10-03 01:25:26] Database connection successful on attempt 1
[2025-10-03 01:26:29] Database connection attempt 1/3
[2025-10-03 01:26:29] Running in executable mode: False
[2025-10-03 01:26:29] Database connection successful on attempt 1
