[2025-10-02 16:52:30] === JOB CARDS PROCESSOR INITIALIZED ===
[2025-10-02 16:52:30] Timestamp: 2025-10-02 16:52:30.247772
[2025-10-02 16:52:30] Python version: 3.12.7 (tags/v3.12.7:0b05ead, Oct  1 2024, 03:06:41) [MSC v.1941 64 bit (AMD64)]
[2025-10-02 16:52:30] Working directory: C:\Users\ACER\Desktop\manak-automations25\manak-automation
[2025-10-02 16:52:30] Script directory: C:\Users\ACER\Desktop\manak-automations25\manak-automation
[2025-10-02 16:52:30] Log file: C:\Users\ACER\Desktop\manak-automations25\manak-automation\logs\job_cards_debug_20251002_165230.log
[2025-10-02 16:53:06] === LOAD JOB CARDS DATA CALLED ===
[2025-10-02 16:53:06] Firm ID set to: 1
[2025-10-02 16:53:06] Starting worker thread...
[2025-10-02 16:53:06] === WORKER THREAD STARTED ===
[2025-10-02 16:53:06] Attempting database connection...
[2025-10-02 16:53:06] Database connection attempt 1/3
[2025-10-02 16:53:06] Running in executable mode: False
[2025-10-02 16:53:07] Database connection successful on attempt 1
[2025-10-02 17:07:06] Database connection attempt 1/3
[2025-10-02 17:07:06] Running in executable mode: False
[2025-10-02 17:07:06] Database connection successful on attempt 1
[2025-10-02 17:07:40] Database connection attempt 1/3
[2025-10-02 17:07:40] Running in executable mode: False
[2025-10-02 17:07:40] Database connection successful on attempt 1
[2025-10-02 17:07:48] === LOAD JOB CARDS DATA CALLED ===
[2025-10-02 17:07:48] Firm ID set to: 1
[2025-10-02 17:07:48] Starting worker thread...
[2025-10-02 17:07:48] === WORKER THREAD STARTED ===
[2025-10-02 17:07:48] Attempting database connection...
[2025-10-02 17:07:48] Database connection attempt 1/3
[2025-10-02 17:07:48] Running in executable mode: False
[2025-10-02 17:07:48] Database connection successful on attempt 1
[2025-10-02 17:11:07] Database connection attempt 1/3
[2025-10-02 17:11:07] Running in executable mode: False
[2025-10-02 17:11:08] Database connection successful on attempt 1
[2025-10-02 17:11:15] === LOAD JOB CARDS DATA CALLED ===
[2025-10-02 17:11:15] Firm ID set to: 1
[2025-10-02 17:11:15] Starting worker thread...
[2025-10-02 17:11:15] === WORKER THREAD STARTED ===
[2025-10-02 17:11:15] Attempting database connection...
[2025-10-02 17:11:15] Database connection attempt 1/3
[2025-10-02 17:11:15] Running in executable mode: False
[2025-10-02 17:11:16] Database connection successful on attempt 1
[2025-10-02 17:12:22] Database connection attempt 1/3
[2025-10-02 17:12:22] Running in executable mode: False
[2025-10-02 17:12:22] Database connection successful on attempt 1
[2025-10-02 17:12:42] Database connection attempt 1/3
[2025-10-02 17:12:42] Running in executable mode: False
[2025-10-02 17:12:42] Database connection successful on attempt 1
[2025-10-02 17:12:50] === LOAD JOB CARDS DATA CALLED ===
[2025-10-02 17:12:50] Firm ID set to: 1
[2025-10-02 17:12:50] Starting worker thread...
[2025-10-02 17:12:50] === WORKER THREAD STARTED ===
[2025-10-02 17:12:50] Attempting database connection...
[2025-10-02 17:12:50] Database connection attempt 1/3
[2025-10-02 17:12:50] Running in executable mode: False
[2025-10-02 17:12:50] Database connection successful on attempt 1
