[2025-10-02 15:18:28] === JOB CARDS PROCESSOR INITIALIZED ===
[2025-10-02 15:18:28] Timestamp: 2025-10-02 15:18:28.136464
[2025-10-02 15:18:28] Python version: 3.12.7 (tags/v3.12.7:0b05ead, Oct  1 2024, 03:06:41) [MSC v.1941 64 bit (AMD64)]
[2025-10-02 15:18:28] Working directory: C:\Users\ACER\Desktop\manak-automations25\manak-automation
[2025-10-02 15:18:28] Script directory: C:\Users\ACER\Desktop\manak-automations25\manak-automation
[2025-10-02 15:18:28] Log file: C:\Users\ACER\Desktop\manak-automations25\manak-automation\logs\job_cards_debug_20251002_151828.log
[2025-10-02 15:19:08] Database connection attempt 1/3
[2025-10-02 15:19:08] Running in executable mode: False
[2025-10-02 15:19:08] Database connection successful on attempt 1
[2025-10-02 15:19:15] === LOAD JOB CARDS DATA CALLED ===
[2025-10-02 15:19:15] Firm ID set to: 1
[2025-10-02 15:19:15] Starting worker thread...
[2025-10-02 15:19:15] === WORKER THREAD STARTED ===
[2025-10-02 15:19:15] Attempting database connection...
[2025-10-02 15:19:15] Database connection attempt 1/3
[2025-10-02 15:19:15] Running in executable mode: False
[2025-10-02 15:19:16] Database connection successful on attempt 1
[2025-10-02 15:20:46] === LOAD JOB CARDS DATA CALLED ===
[2025-10-02 15:20:46] Firm ID set to: 1
[2025-10-02 15:20:46] Starting worker thread...
[2025-10-02 15:20:46] === WORKER THREAD STARTED ===
[2025-10-02 15:20:46] Attempting database connection...
[2025-10-02 15:20:46] Database connection attempt 1/3
[2025-10-02 15:20:46] Running in executable mode: False
[2025-10-02 15:20:47] Database connection successful on attempt 1
