[2025-10-02 15:07:37] === JOB CARDS PROCESSOR INITIALIZED ===
[2025-10-02 15:07:37] Timestamp: 2025-10-02 15:07:37.114814
[2025-10-02 15:07:37] Python version: 3.12.7 (tags/v3.12.7:0b05ead, Oct  1 2024, 03:06:41) [MSC v.1941 64 bit (AMD64)]
[2025-10-02 15:07:37] Working directory: C:\Users\ACER\Desktop\manak-automations25\manak-automation
[2025-10-02 15:07:37] Script directory: C:\Users\ACER\Desktop\manak-automations25\manak-automation
[2025-10-02 15:07:37] Log file: C:\Users\ACER\Desktop\manak-automations25\manak-automation\logs\job_cards_debug_20251002_150737.log
[2025-10-02 15:08:05] Database connection attempt 1/3
[2025-10-02 15:08:05] Running in executable mode: False
[2025-10-02 15:08:05] Database connection successful on attempt 1
[2025-10-02 15:09:29] Database connection attempt 1/3
[2025-10-02 15:09:29] Running in executable mode: False
[2025-10-02 15:09:30] Database connection successful on attempt 1
[2025-10-02 15:09:30] Database connection attempt 1/3
[2025-10-02 15:09:30] Running in executable mode: False
[2025-10-02 15:09:31] Database connection successful on attempt 1
[2025-10-02 15:09:48] === LOAD JOB CARDS DATA CALLED ===
[2025-10-02 15:09:48] Firm ID set to: 1
[2025-10-02 15:09:48] Starting worker thread...
[2025-10-02 15:09:48] === WORKER THREAD STARTED ===
[2025-10-02 15:09:48] Attempting database connection...
[2025-10-02 15:09:48] Database connection attempt 1/3
[2025-10-02 15:09:48] Running in executable mode: False
[2025-10-02 15:09:48] Database connection successful on attempt 1
[2025-10-02 15:09:56] Database connection attempt 1/3
[2025-10-02 15:09:56] Running in executable mode: False
[2025-10-02 15:09:56] Database connection successful on attempt 1
[2025-10-02 15:10:46] Database connection attempt 1/3
[2025-10-02 15:10:46] Running in executable mode: False
[2025-10-02 15:10:46] Database connection successful on attempt 1
[2025-10-02 15:10:47] Database connection attempt 1/3
[2025-10-02 15:10:47] Running in executable mode: False
[2025-10-02 15:10:47] Database connection successful on attempt 1
[2025-10-02 15:12:02] Database connection attempt 1/3
[2025-10-02 15:12:02] Running in executable mode: False
[2025-10-02 15:12:02] Database connection successful on attempt 1
[2025-10-02 15:12:03] Database connection attempt 1/3
[2025-10-02 15:12:03] Running in executable mode: False
[2025-10-02 15:12:03] Database connection successful on attempt 1
[2025-10-02 15:13:17] Database connection attempt 1/3
[2025-10-02 15:13:17] Running in executable mode: False
[2025-10-02 15:13:18] Database connection successful on attempt 1
[2025-10-02 15:13:18] Database connection attempt 1/3
[2025-10-02 15:13:18] Running in executable mode: False
[2025-10-02 15:13:19] Database connection successful on attempt 1
[2025-10-02 15:14:33] Database connection attempt 1/3
[2025-10-02 15:14:33] Running in executable mode: False
[2025-10-02 15:14:33] Database connection successful on attempt 1
[2025-10-02 15:14:34] Database connection attempt 1/3
[2025-10-02 15:14:34] Running in executable mode: False
[2025-10-02 15:14:34] Database connection successful on attempt 1
[2025-10-02 15:15:48] Database connection attempt 1/3
[2025-10-02 15:15:48] Running in executable mode: False
[2025-10-02 15:15:49] Database connection successful on attempt 1
[2025-10-02 15:15:49] Database connection attempt 1/3
[2025-10-02 15:15:49] Running in executable mode: False
[2025-10-02 15:15:50] Database connection successful on attempt 1
[2025-10-02 15:17:04] Database connection attempt 1/3
[2025-10-02 15:17:04] Running in executable mode: False
[2025-10-02 15:17:04] Database connection successful on attempt 1
[2025-10-02 15:17:04] Database connection attempt 1/3
[2025-10-02 15:17:04] Running in executable mode: False
[2025-10-02 15:17:05] Database connection successful on attempt 1
