[2025-10-02 16:02:44] === JOB CARDS PROCESSOR INITIALIZED ===
[2025-10-02 16:02:44] Timestamp: 2025-10-02 16:02:44.591446
[2025-10-02 16:02:44] Python version: 3.12.7 (tags/v3.12.7:0b05ead, Oct  1 2024, 03:06:41) [MSC v.1941 64 bit (AMD64)]
[2025-10-02 16:02:44] Working directory: C:\Users\ACER\Desktop\manak-automations25\manak-automation
[2025-10-02 16:02:44] Script directory: C:\Users\ACER\Desktop\manak-automations25\manak-automation
[2025-10-02 16:02:44] Log file: C:\Users\ACER\Desktop\manak-automations25\manak-automation\logs\job_cards_debug_20251002_160244.log
[2025-10-02 16:04:00] === LOAD JOB CARDS DATA CALLED ===
[2025-10-02 16:04:00] Firm ID set to: 1
[2025-10-02 16:04:00] Starting worker thread...
[2025-10-02 16:04:00] === WORKER THREAD STARTED ===
[2025-10-02 16:04:00] Attempting database connection...
[2025-10-02 16:04:00] Database connection attempt 1/3
[2025-10-02 16:04:00] Running in executable mode: False
[2025-10-02 16:04:01] Database connection successful on attempt 1
[2025-10-02 16:09:56] Database connection attempt 1/3
[2025-10-02 16:09:56] Running in executable mode: False
[2025-10-02 16:09:57] Database connection successful on attempt 1
[2025-10-02 16:10:21] === LOAD JOB CARDS DATA CALLED ===
[2025-10-02 16:10:21] Firm ID set to: 1
[2025-10-02 16:10:21] Starting worker thread...
[2025-10-02 16:10:21] === WORKER THREAD STARTED ===
[2025-10-02 16:10:21] Attempting database connection...
[2025-10-02 16:10:21] Database connection attempt 1/3
[2025-10-02 16:10:21] Running in executable mode: False
[2025-10-02 16:10:21] Database connection successful on attempt 1
[2025-10-02 16:16:41] Database connection attempt 1/3
[2025-10-02 16:16:41] Running in executable mode: False
[2025-10-02 16:16:42] Database connection successful on attempt 1
[2025-10-02 16:17:16] === LOAD JOB CARDS DATA CALLED ===
[2025-10-02 16:17:16] Firm ID set to: 1
[2025-10-02 16:17:16] Starting worker thread...
[2025-10-02 16:17:16] === WORKER THREAD STARTED ===
[2025-10-02 16:17:16] Attempting database connection...
[2025-10-02 16:17:16] Database connection attempt 1/3
[2025-10-02 16:17:16] Running in executable mode: False
[2025-10-02 16:17:16] Database connection successful on attempt 1
