[2025-09-15 06:29:28] === JOB CARDS PROCESSOR INITIALIZED ===
[2025-09-15 06:29:28] Timestamp: 2025-09-15 06:29:28.582004
[2025-09-15 06:29:28] Python version: 3.12.7 (tags/v3.12.7:0b05ead, Oct  1 2024, 03:06:41) [MSC v.1941 64 bit (AMD64)]
[2025-09-15 06:29:28] Working directory: C:\Users\ACER\Desktop\manak-automation
[2025-09-15 06:29:28] Script directory: C:\Users\ACER\Desktop\manak-automation
[2025-09-15 06:29:28] Log file: C:\Users\ACER\Desktop\manak-automation\logs\job_cards_debug_20250915_062928.log
[2025-09-15 06:29:31] === LOAD JOB CARDS DATA CALLED ===
[2025-09-15 06:29:31] Firm ID set to: 2
[2025-09-15 06:29:31] Starting worker thread...
[2025-09-15 06:29:31] === WORKER THREAD STARTED ===
[2025-09-15 06:29:31] DB Config: host=217.21.85.154, database=u176143338_hallmarkProver
[2025-09-15 06:29:31] Database connection attempt 1/3
[2025-09-15 06:29:31] Running in executable mode: False
[2025-09-15 06:29:32] UNEXPECTED ERROR: cannot access local variable 'mysql' where it is not associated with a value
[2025-09-15 06:29:32] Error type: UnboundLocalError
[2025-09-15 06:29:36] === LOAD JOB CARDS DATA CALLED ===
[2025-09-15 06:29:36] Firm ID set to: 2
[2025-09-15 06:29:36] Starting worker thread...
[2025-09-15 06:29:36] === WORKER THREAD STARTED ===
[2025-09-15 06:29:36] DB Config: host=217.21.85.154, database=u176143338_hallmarkProver
[2025-09-15 06:29:36] Database connection attempt 1/3
[2025-09-15 06:29:36] Running in executable mode: False
[2025-09-15 06:29:36] UNEXPECTED ERROR: cannot access local variable 'mysql' where it is not associated with a value
[2025-09-15 06:29:36] Error type: UnboundLocalError
[2025-09-15 06:29:38] === LOAD JOB CARDS DATA CALLED ===
[2025-09-15 06:29:38] Firm ID set to: 2
[2025-09-15 06:29:38] Starting worker thread...
[2025-09-15 06:29:38] === WORKER THREAD STARTED ===
[2025-09-15 06:29:38] DB Config: host=217.21.85.154, database=u176143338_hallmarkProver
[2025-09-15 06:29:38] Database connection attempt 1/3
[2025-09-15 06:29:38] Running in executable mode: False
[2025-09-15 06:29:38] UNEXPECTED ERROR: cannot access local variable 'mysql' where it is not associated with a value
[2025-09-15 06:29:38] Error type: UnboundLocalError
[2025-09-15 06:29:40] === LOAD JOB CARDS DATA CALLED ===
[2025-09-15 06:29:40] Firm ID set to: 2
[2025-09-15 06:29:40] Starting worker thread...
[2025-09-15 06:29:40] === WORKER THREAD STARTED ===
[2025-09-15 06:29:40] DB Config: host=217.21.85.154, database=u176143338_hallmarkProver
[2025-09-15 06:29:40] Database connection attempt 1/3
[2025-09-15 06:29:40] Running in executable mode: False
[2025-09-15 06:29:40] UNEXPECTED ERROR: cannot access local variable 'mysql' where it is not associated with a value
[2025-09-15 06:29:40] Error type: UnboundLocalError
[2025-09-15 06:30:01] === LOAD JOB CARDS DATA CALLED ===
[2025-09-15 06:30:01] Firm ID set to: 2
[2025-09-15 06:30:01] Starting worker thread...
[2025-09-15 06:30:01] === WORKER THREAD STARTED ===
[2025-09-15 06:30:01] DB Config: host=217.21.85.154, database=u176143338_hallmarkProver
[2025-09-15 06:30:01] Database connection attempt 1/3
[2025-09-15 06:30:01] Running in executable mode: False
[2025-09-15 06:30:01] UNEXPECTED ERROR: cannot access local variable 'mysql' where it is not associated with a value
[2025-09-15 06:30:01] Error type: UnboundLocalError
