[2025-10-02 23:16:37] === JOB CARDS PROCESSOR INITIALIZED ===
[2025-10-02 23:16:37] Timestamp: 2025-10-02 23:16:37.715575
[2025-10-02 23:16:37] Python version: 3.12.7 (tags/v3.12.7:0b05ead, Oct  1 2024, 03:06:41) [MSC v.1941 64 bit (AMD64)]
[2025-10-02 23:16:37] Working directory: C:\Users\ACER\Desktop\manak-automations25\manak-automation
[2025-10-02 23:16:37] Script directory: C:\Users\ACER\Desktop\manak-automations25\manak-automation
[2025-10-02 23:16:37] Log file: C:\Users\ACER\Desktop\manak-automations25\manak-automation\logs\job_cards_debug_20251002_231637.log
[2025-10-02 23:17:26] Database connection attempt 1/3
[2025-10-02 23:17:26] Running in executable mode: False
[2025-10-02 23:17:27] Database connection successful on attempt 1
[2025-10-02 23:17:50] Database connection attempt 1/3
[2025-10-02 23:17:50] Running in executable mode: False
[2025-10-02 23:17:50] Database connection successful on attempt 1
[2025-10-02 23:18:08] === LOAD JOB CARDS DATA CALLED ===
[2025-10-02 23:18:08] Firm ID set to: 1
[2025-10-02 23:18:08] Starting worker thread...
[2025-10-02 23:18:08] === WORKER THREAD STARTED ===
[2025-10-02 23:18:08] Attempting database connection...
[2025-10-02 23:18:08] Database connection attempt 1/3
[2025-10-02 23:18:08] Running in executable mode: False
[2025-10-02 23:18:09] Database connection successful on attempt 1
