[2025-09-15 11:57:54] === JOB CARDS PROCESSOR INITIALIZED ===
[2025-09-15 11:57:54] Timestamp: 2025-09-15 11:57:54.110080
[2025-09-15 11:57:54] Python version: 3.12.7 (tags/v3.12.7:0b05ead, Oct  1 2024, 03:06:41) [MSC v.1941 64 bit (AMD64)]
[2025-09-15 11:57:54] Working directory: C:\Users\ACER\Desktop\manak-automation
[2025-09-15 11:57:54] Script directory: C:\Users\ACER\Desktop\manak-automation
[2025-09-15 11:57:54] Log file: C:\Users\ACER\Desktop\manak-automation\logs\job_cards_debug_20250915_115754.log
[2025-09-15 11:57:59] === LOAD JOB CARDS DATA CALLED ===
[2025-09-15 11:57:59] Firm ID set to: 2
[2025-09-15 11:57:59] Starting worker thread...
[2025-09-15 11:57:59] === WORKER THREAD STARTED ===
[2025-09-15 11:57:59] Attempting database connection...
[2025-09-15 11:57:59] Database connection attempt 1/3
[2025-09-15 11:57:59] Running in executable mode: False
[2025-09-15 11:58:00] Database connection successful on attempt 1
[2025-09-15 11:58:44] Database connection attempt 1/3
[2025-09-15 11:58:44] Running in executable mode: False
[2025-09-15 11:58:44] Database connection successful on attempt 1
[2025-09-15 11:59:04] Database connection attempt 1/3
[2025-09-15 11:59:04] Running in executable mode: False
[2025-09-15 11:59:04] Database connection successful on attempt 1
[2025-09-15 11:59:05] === LOAD JOB CARDS DATA CALLED ===
[2025-09-15 11:59:05] Firm ID set to: 2
[2025-09-15 11:59:05] Starting worker thread...
[2025-09-15 11:59:05] === WORKER THREAD STARTED ===
[2025-09-15 11:59:05] Attempting database connection...
[2025-09-15 11:59:05] Database connection attempt 1/3
[2025-09-15 11:59:05] Running in executable mode: False
[2025-09-15 11:59:05] Database connection successful on attempt 1
