[2025-09-29 18:32:03] === JOB CARDS PROCESSOR INITIALIZED ===
[2025-09-29 18:32:03] Timestamp: 2025-09-29 18:32:03.891963
[2025-09-29 18:32:03] Python version: 3.12.7 (tags/v3.12.7:0b05ead, Oct  1 2024, 03:06:41) [MSC v.1941 64 bit (AMD64)]
[2025-09-29 18:32:03] Working directory: C:\Users\HP\Desktop\manak-automation
[2025-09-29 18:32:03] Script directory: C:\Users\HP\Desktop\manak-automation
[2025-09-29 18:32:03] Log file: C:\Users\HP\Desktop\manak-automation\logs\job_cards_debug_20250929_183203.log
[2025-09-29 18:32:30] === LOAD JOB CARDS DATA CALLED ===
[2025-09-29 18:32:30] Firm ID set to: 2
[2025-09-29 18:32:30] Starting worker thread...
[2025-09-29 18:32:30] === WORKER THREAD STARTED ===
[2025-09-29 18:32:30] Attempting database connection...
[2025-09-29 18:32:30] Database connection attempt 1/3
[2025-09-29 18:32:30] Running in executable mode: False
[2025-09-29 18:32:30] Unexpected error attempt 1: Unsupported argument 'read_timeout'
[2025-09-29 18:32:32] Database connection attempt 2/3
[2025-09-29 18:32:32] Running in executable mode: False
[2025-09-29 18:32:32] Unexpected error attempt 2: Unsupported argument 'read_timeout'
[2025-09-29 18:32:36] Database connection attempt 3/3
[2025-09-29 18:32:36] Running in executable mode: False
[2025-09-29 18:32:36] Unexpected error attempt 3: Unsupported argument 'read_timeout'
[2025-09-29 18:32:36] All database connection attempts failed
[2025-09-29 18:32:36] CRITICAL: Database connection failed completely
[2025-09-29 18:35:08] === LOAD JOB CARDS DATA CALLED ===
[2025-09-29 18:35:08] Firm ID set to: 1
[2025-09-29 18:35:08] Starting worker thread...
[2025-09-29 18:35:08] === WORKER THREAD STARTED ===
[2025-09-29 18:35:08] Attempting database connection...
[2025-09-29 18:35:08] Database connection attempt 1/3
[2025-09-29 18:35:08] Running in executable mode: False
[2025-09-29 18:35:08] Unexpected error attempt 1: Unsupported argument 'read_timeout'
[2025-09-29 18:35:10] Database connection attempt 2/3
[2025-09-29 18:35:10] Running in executable mode: False
[2025-09-29 18:35:10] Unexpected error attempt 2: Unsupported argument 'read_timeout'
[2025-09-29 18:35:14] Database connection attempt 3/3
[2025-09-29 18:35:14] Running in executable mode: False
[2025-09-29 18:35:14] Unexpected error attempt 3: Unsupported argument 'read_timeout'
[2025-09-29 18:35:14] All database connection attempts failed
[2025-09-29 18:35:14] CRITICAL: Database connection failed completely
