[2025-09-30 17:27:58] === JOB CARDS PROCESSOR INITIALIZED ===
[2025-09-30 17:27:58] Timestamp: 2025-09-30 17:27:58.638509
[2025-09-30 17:27:58] Python version: 3.12.7 (tags/v3.12.7:0b05ead, Oct  1 2024, 03:06:41) [MSC v.1941 64 bit (AMD64)]
[2025-09-30 17:27:58] Working directory: C:\Users\ACER\Desktop\manak-automations25\manak-automation
[2025-09-30 17:27:58] Script directory: C:\Users\ACER\Desktop\manak-automations25\manak-automation
[2025-09-30 17:27:58] Log file: C:\Users\ACER\Desktop\manak-automations25\manak-automation\logs\job_cards_debug_20250930_172758.log
[2025-09-30 17:30:13] === LOAD JOB CARDS DATA CALLED ===
[2025-09-30 17:30:13] Firm ID set to: 1
[2025-09-30 17:30:13] Starting worker thread...
[2025-09-30 17:30:13] === WORKER THREAD STARTED ===
[2025-09-30 17:30:13] Attempting database connection...
[2025-09-30 17:30:13] Database connection attempt 1/3
[2025-09-30 17:30:13] Running in executable mode: False
[2025-09-30 17:30:14] Database connection successful on attempt 1
[2025-09-30 17:30:16] Database connection attempt 1/3
[2025-09-30 17:30:16] Running in executable mode: False
[2025-09-30 17:30:17] Database connection successful on attempt 1
[2025-09-30 17:30:17] Database connection attempt 1/3
[2025-09-30 17:30:17] Running in executable mode: False
[2025-09-30 17:30:17] Database connection successful on attempt 1
[2025-09-30 17:30:17] === LOAD JOB CARDS DATA CALLED ===
[2025-09-30 17:30:17] Firm ID set to: 1
[2025-09-30 17:30:17] Starting worker thread...
[2025-09-30 17:30:17] === WORKER THREAD STARTED ===
[2025-09-30 17:30:17] Attempting database connection...
[2025-09-30 17:30:17] Database connection attempt 1/3
[2025-09-30 17:30:17] Running in executable mode: False
[2025-09-30 17:30:18] Database connection successful on attempt 1
[2025-09-30 17:30:34] Database connection attempt 1/3
[2025-09-30 17:30:34] Running in executable mode: False
[2025-09-30 17:30:35] Database connection successful on attempt 1
[2025-09-30 17:30:35] === LOAD JOB CARDS DATA CALLED ===
[2025-09-30 17:30:35] Firm ID set to: 1
[2025-09-30 17:30:35] Starting worker thread...
[2025-09-30 17:30:35] === WORKER THREAD STARTED ===
[2025-09-30 17:30:35] Attempting database connection...
[2025-09-30 17:30:35] Database connection attempt 1/3
[2025-09-30 17:30:35] Running in executable mode: False
[2025-09-30 17:30:35] Database connection successful on attempt 1
[2025-09-30 17:30:59] Database connection attempt 1/3
[2025-09-30 17:30:59] Running in executable mode: False
[2025-09-30 17:30:59] Database connection successful on attempt 1
[2025-09-30 17:31:14] Database connection attempt 1/3
[2025-09-30 17:31:14] Running in executable mode: False
[2025-09-30 17:31:14] Database connection successful on attempt 1
[2025-09-30 17:31:14] Database connection attempt 1/3
[2025-09-30 17:31:14] Running in executable mode: False
[2025-09-30 17:31:15] Database connection successful on attempt 1
[2025-09-30 17:31:15] === LOAD JOB CARDS DATA CALLED ===
[2025-09-30 17:31:15] Firm ID set to: 1
[2025-09-30 17:31:15] Starting worker thread...
[2025-09-30 17:31:15] === WORKER THREAD STARTED ===
[2025-09-30 17:31:15] Attempting database connection...
[2025-09-30 17:31:15] Database connection attempt 1/3
[2025-09-30 17:31:15] Running in executable mode: False
[2025-09-30 17:31:15] Database connection successful on attempt 1
[2025-09-30 17:31:17] Database connection attempt 1/3
[2025-09-30 17:31:17] Running in executable mode: False
[2025-09-30 17:31:18] Database connection successful on attempt 1
[2025-09-30 17:31:18] Database connection attempt 1/3
[2025-09-30 17:31:18] Running in executable mode: False
[2025-09-30 17:31:18] Database connection successful on attempt 1
[2025-09-30 17:31:29] === LOAD JOB CARDS DATA CALLED ===
[2025-09-30 17:31:29] Firm ID set to: 1
[2025-09-30 17:31:29] Starting worker thread...
[2025-09-30 17:31:29] === WORKER THREAD STARTED ===
[2025-09-30 17:31:29] Attempting database connection...
[2025-09-30 17:31:30] Database connection attempt 1/3
[2025-09-30 17:31:30] Running in executable mode: False
[2025-09-30 17:31:30] Database connection successful on attempt 1
[2025-09-30 17:32:30] Database connection attempt 1/3
[2025-09-30 17:32:30] Running in executable mode: False
[2025-09-30 17:32:30] Database connection successful on attempt 1
[2025-09-30 17:32:30] Database connection attempt 1/3
[2025-09-30 17:32:30] Running in executable mode: False
[2025-09-30 17:32:30] Database connection successful on attempt 1
[2025-09-30 17:32:42] === LOAD JOB CARDS DATA CALLED ===
[2025-09-30 17:32:42] Firm ID set to: 1
[2025-09-30 17:32:42] Starting worker thread...
[2025-09-30 17:32:42] === WORKER THREAD STARTED ===
[2025-09-30 17:32:42] Attempting database connection...
[2025-09-30 17:32:42] Database connection attempt 1/3
[2025-09-30 17:32:42] Running in executable mode: False
[2025-09-30 17:32:42] Database connection successful on attempt 1
[2025-09-30 17:33:42] Database connection attempt 1/3
[2025-09-30 17:33:42] Running in executable mode: False
[2025-09-30 17:33:42] Database connection successful on attempt 1
[2025-09-30 17:33:42] Database connection attempt 1/3
[2025-09-30 17:33:42] Running in executable mode: False
[2025-09-30 17:33:42] Database connection successful on attempt 1
[2025-09-30 17:33:53] === LOAD JOB CARDS DATA CALLED ===
[2025-09-30 17:33:54] Firm ID set to: 1
[2025-09-30 17:33:54] Starting worker thread...
[2025-09-30 17:33:54] === WORKER THREAD STARTED ===
[2025-09-30 17:33:54] Attempting database connection...
[2025-09-30 17:33:54] Database connection attempt 1/3
[2025-09-30 17:33:54] Running in executable mode: False
[2025-09-30 17:33:54] Database connection successful on attempt 1
[2025-09-30 17:34:54] Database connection attempt 1/3
[2025-09-30 17:34:54] Running in executable mode: False
[2025-09-30 17:34:54] Database connection successful on attempt 1
[2025-09-30 17:34:54] Database connection attempt 1/3
[2025-09-30 17:34:54] Running in executable mode: False
[2025-09-30 17:34:54] Database connection successful on attempt 1
[2025-09-30 17:35:06] === LOAD JOB CARDS DATA CALLED ===
[2025-09-30 17:35:06] Firm ID set to: 1
[2025-09-30 17:35:06] Starting worker thread...
[2025-09-30 17:35:06] === WORKER THREAD STARTED ===
[2025-09-30 17:35:06] Attempting database connection...
[2025-09-30 17:35:06] Database connection attempt 1/3
[2025-09-30 17:35:06] Running in executable mode: False
[2025-09-30 17:35:06] Database connection successful on attempt 1
[2025-09-30 17:36:06] Database connection attempt 1/3
[2025-09-30 17:36:06] Running in executable mode: False
[2025-09-30 17:36:06] Database connection successful on attempt 1
[2025-09-30 17:36:06] Database connection attempt 1/3
[2025-09-30 17:36:06] Running in executable mode: False
[2025-09-30 17:36:07] Database connection successful on attempt 1
[2025-09-30 17:36:19] Database connection attempt 1/3
[2025-09-30 17:36:19] Running in executable mode: False
[2025-09-30 17:36:19] Database connection successful on attempt 1
[2025-09-30 17:36:20] Database connection attempt 1/3
[2025-09-30 17:36:20] Running in executable mode: False
[2025-09-30 17:36:20] Database connection successful on attempt 1
[2025-09-30 17:36:21] === LOAD JOB CARDS DATA CALLED ===
[2025-09-30 17:36:21] Firm ID set to: 1
[2025-09-30 17:36:21] Starting worker thread...
[2025-09-30 17:36:21] === WORKER THREAD STARTED ===
[2025-09-30 17:36:21] Attempting database connection...
[2025-09-30 17:36:21] Database connection attempt 1/3
[2025-09-30 17:36:21] Running in executable mode: False
[2025-09-30 17:36:21] Database connection successful on attempt 1
[2025-09-30 17:37:21] Database connection attempt 1/3
[2025-09-30 17:37:21] Running in executable mode: False
[2025-09-30 17:37:21] Database connection successful on attempt 1
[2025-09-30 17:37:21] Database connection attempt 1/3
[2025-09-30 17:37:21] Running in executable mode: False
[2025-09-30 17:37:22] Database connection successful on attempt 1
[2025-09-30 17:37:33] === LOAD JOB CARDS DATA CALLED ===
[2025-09-30 17:37:33] Firm ID set to: 1
[2025-09-30 17:37:33] Starting worker thread...
[2025-09-30 17:37:33] === WORKER THREAD STARTED ===
[2025-09-30 17:37:33] Attempting database connection...
[2025-09-30 17:37:33] Database connection attempt 1/3
[2025-09-30 17:37:33] Running in executable mode: False
[2025-09-30 17:37:34] Database connection successful on attempt 1
[2025-09-30 17:38:33] Database connection attempt 1/3
[2025-09-30 17:38:33] Running in executable mode: False
[2025-09-30 17:38:34] Database connection successful on attempt 1
[2025-09-30 17:38:34] Database connection attempt 1/3
[2025-09-30 17:38:34] Running in executable mode: False
[2025-09-30 17:38:34] Database connection successful on attempt 1
[2025-09-30 17:38:46] === LOAD JOB CARDS DATA CALLED ===
[2025-09-30 17:38:46] Firm ID set to: 1
[2025-09-30 17:38:46] Starting worker thread...
[2025-09-30 17:38:46] === WORKER THREAD STARTED ===
[2025-09-30 17:38:46] Attempting database connection...
[2025-09-30 17:38:46] Database connection attempt 1/3
[2025-09-30 17:38:46] Running in executable mode: False
[2025-09-30 17:38:46] Database connection successful on attempt 1
[2025-09-30 17:39:46] Database connection attempt 1/3
[2025-09-30 17:39:46] Running in executable mode: False
[2025-09-30 17:39:46] Database connection successful on attempt 1
[2025-09-30 17:39:46] Database connection attempt 1/3
[2025-09-30 17:39:46] Running in executable mode: False
[2025-09-30 17:39:47] Database connection successful on attempt 1
[2025-09-30 17:39:58] === LOAD JOB CARDS DATA CALLED ===
[2025-09-30 17:39:58] Firm ID set to: 1
[2025-09-30 17:39:58] Starting worker thread...
[2025-09-30 17:39:58] === WORKER THREAD STARTED ===
[2025-09-30 17:39:58] Attempting database connection...
[2025-09-30 17:39:58] Database connection attempt 1/3
[2025-09-30 17:39:58] Running in executable mode: False
[2025-09-30 17:39:58] Database connection successful on attempt 1
[2025-09-30 17:40:58] Database connection attempt 1/3
[2025-09-30 17:40:58] Running in executable mode: False
[2025-09-30 17:40:59] Database connection successful on attempt 1
[2025-09-30 17:40:59] Database connection attempt 1/3
[2025-09-30 17:40:59] Running in executable mode: False
[2025-09-30 17:40:59] Database connection successful on attempt 1
[2025-09-30 17:41:10] === LOAD JOB CARDS DATA CALLED ===
[2025-09-30 17:41:10] Firm ID set to: 1
[2025-09-30 17:41:10] Starting worker thread...
[2025-09-30 17:41:10] === WORKER THREAD STARTED ===
[2025-09-30 17:41:10] Attempting database connection...
[2025-09-30 17:41:10] Database connection attempt 1/3
[2025-09-30 17:41:10] Running in executable mode: False
[2025-09-30 17:41:11] Database connection successful on attempt 1
[2025-09-30 17:42:10] Database connection attempt 1/3
[2025-09-30 17:42:10] Running in executable mode: False
[2025-09-30 17:42:11] Database connection successful on attempt 1
[2025-09-30 17:42:11] Database connection attempt 1/3
[2025-09-30 17:42:11] Running in executable mode: False
[2025-09-30 17:42:11] Database connection successful on attempt 1
