[2025-10-02 13:41:42] === JOB CARDS PROCESSOR INITIALIZED ===
[2025-10-02 13:41:42] Timestamp: 2025-10-02 13:41:42.915348
[2025-10-02 13:41:42] Python version: 3.12.7 (tags/v3.12.7:0b05ead, Oct  1 2024, 03:06:41) [MSC v.1941 64 bit (AMD64)]
[2025-10-02 13:41:42] Working directory: C:\Users\ACER\Desktop\manak-automations25\manak-automation
[2025-10-02 13:41:42] Script directory: C:\Users\ACER\Desktop\manak-automations25\manak-automation
[2025-10-02 13:41:42] Log file: C:\Users\ACER\Desktop\manak-automations25\manak-automation\logs\job_cards_debug_20251002_134142.log
[2025-10-02 13:42:07] === LOAD JOB CARDS DATA CALLED ===
[2025-10-02 13:42:07] Firm ID set to: 2
[2025-10-02 13:42:07] Starting worker thread...
[2025-10-02 13:42:07] === WORKER THREAD STARTED ===
[2025-10-02 13:42:07] Attempting database connection...
[2025-10-02 13:42:07] Database connection attempt 1/3
[2025-10-02 13:42:07] Running in executable mode: False
[2025-10-02 13:42:08] Database connection successful on attempt 1
[2025-10-02 13:43:42] === LOAD JOB CARDS DATA CALLED ===
[2025-10-02 13:43:42] Firm ID set to: 1
[2025-10-02 13:43:42] Starting worker thread...
[2025-10-02 13:43:42] === WORKER THREAD STARTED ===
[2025-10-02 13:43:43] Attempting database connection...
[2025-10-02 13:43:43] Database connection attempt 1/3
[2025-10-02 13:43:43] Running in executable mode: False
[2025-10-02 13:43:43] Database connection successful on attempt 1
[2025-10-02 13:43:53] Database connection attempt 1/3
[2025-10-02 13:43:53] Running in executable mode: False
[2025-10-02 13:43:53] Database connection successful on attempt 1
[2025-10-02 13:44:12] === LOAD JOB CARDS DATA CALLED ===
[2025-10-02 13:44:12] Firm ID set to: 1
[2025-10-02 13:44:12] Starting worker thread...
[2025-10-02 13:44:12] === WORKER THREAD STARTED ===
[2025-10-02 13:44:12] Attempting database connection...
[2025-10-02 13:44:12] Database connection attempt 1/3
[2025-10-02 13:44:12] Running in executable mode: False
[2025-10-02 13:44:13] Database connection successful on attempt 1
