[2025-10-06 00:12:36] === JOB CARDS PROCESSOR INITIALIZED ===
[2025-10-06 00:12:36] Timestamp: 2025-10-06 00:12:36.327284
[2025-10-06 00:12:36] Python version: 3.12.7 (tags/v3.12.7:0b05ead, Oct  1 2024, 03:06:41) [MSC v.1941 64 bit (AMD64)]
[2025-10-06 00:12:36] Working directory: C:\Users\ACER\Desktop\manak-automations25\manak-automation
[2025-10-06 00:12:36] Script directory: C:\Users\ACER\Desktop\manak-automations25\manak-automation
[2025-10-06 00:12:36] Log file: C:\Users\ACER\Desktop\manak-automations25\manak-automation\logs\job_cards_debug_20251006_001236.log
[2025-10-06 00:13:04] === LOAD JOB CARDS DATA CALLED ===
[2025-10-06 00:13:04] Firm ID set to: 2
[2025-10-06 00:13:04] Starting worker thread...
[2025-10-06 00:13:04] === WORKER THREAD STARTED ===
[2025-10-06 00:13:04] Attempting database connection...
[2025-10-06 00:13:04] Database connection attempt 1/3
[2025-10-06 00:13:04] Running in executable mode: False
[2025-10-06 00:13:05] Database connection successful on attempt 1
[2025-10-06 00:13:19] Database connection attempt 1/3
[2025-10-06 00:13:19] Running in executable mode: False
[2025-10-06 00:13:19] Database connection successful on attempt 1
[2025-10-06 00:13:31] === LOAD JOB CARDS DATA CALLED ===
[2025-10-06 00:13:31] Firm ID set to: 2
[2025-10-06 00:13:31] Starting worker thread...
[2025-10-06 00:13:31] === WORKER THREAD STARTED ===
[2025-10-06 00:13:31] Attempting database connection...
[2025-10-06 00:13:31] Database connection attempt 1/3
[2025-10-06 00:13:31] Running in executable mode: False
[2025-10-06 00:13:31] Database connection successful on attempt 1
[2025-10-06 00:13:38] Database connection attempt 1/3
[2025-10-06 00:13:38] Running in executable mode: False
[2025-10-06 00:13:38] Database connection successful on attempt 1
[2025-10-06 00:13:45] === LOAD JOB CARDS DATA CALLED ===
[2025-10-06 00:13:45] Firm ID set to: 2
[2025-10-06 00:13:45] Starting worker thread...
[2025-10-06 00:13:45] === WORKER THREAD STARTED ===
[2025-10-06 00:13:45] Attempting database connection...
[2025-10-06 00:13:45] Database connection attempt 1/3
[2025-10-06 00:13:45] Running in executable mode: False
[2025-10-06 00:13:45] Database connection successful on attempt 1
[2025-10-06 00:13:50] === LOAD JOB CARDS DATA CALLED ===
[2025-10-06 00:13:50] Firm ID set to: 2
[2025-10-06 00:13:50] Starting worker thread...
[2025-10-06 00:13:50] === WORKER THREAD STARTED ===
[2025-10-06 00:13:50] Attempting database connection...
[2025-10-06 00:13:50] Database connection attempt 1/3
[2025-10-06 00:13:50] Running in executable mode: False
[2025-10-06 00:13:50] Database connection successful on attempt 1
[2025-10-06 00:13:54] Database connection attempt 1/3
[2025-10-06 00:13:54] Running in executable mode: False
[2025-10-06 00:13:55] Database connection successful on attempt 1
[2025-10-06 00:14:06] === LOAD JOB CARDS DATA CALLED ===
[2025-10-06 00:14:06] Firm ID set to: 2
[2025-10-06 00:14:06] Starting worker thread...
[2025-10-06 00:14:06] === WORKER THREAD STARTED ===
[2025-10-06 00:14:06] Attempting database connection...
[2025-10-06 00:14:06] Database connection attempt 1/3
[2025-10-06 00:14:06] Running in executable mode: False
[2025-10-06 00:14:06] Database connection successful on attempt 1
