[2025-09-29 18:39:09] === JOB CARDS PROCESSOR INITIALIZED ===
[2025-09-29 18:39:09] Timestamp: 2025-09-29 18:39:09.316472
[2025-09-29 18:39:09] Python version: 3.12.7 (tags/v3.12.7:0b05ead, Oct  1 2024, 03:06:41) [MSC v.1941 64 bit (AMD64)]
[2025-09-29 18:39:09] Working directory: C:\Users\HP\Desktop\manak-automation
[2025-09-29 18:39:09] Script directory: C:\Users\HP\Desktop\manak-automation
[2025-09-29 18:39:09] Log file: C:\Users\HP\Desktop\manak-automation\logs\job_cards_debug_20250929_183909.log
[2025-09-29 18:39:12] === LOAD JOB CARDS DATA CALLED ===
[2025-09-29 18:39:12] Firm ID set to: 2
[2025-09-29 18:39:12] Starting worker thread...
[2025-09-29 18:39:12] === WORKER THREAD STARTED ===
[2025-09-29 18:39:12] Attempting database connection...
[2025-09-29 18:39:12] Database connection attempt 1/3
[2025-09-29 18:39:12] Running in executable mode: False
[2025-09-29 18:39:13] Database connection successful on attempt 1
[2025-09-29 18:40:13] === LOAD JOB CARDS DATA CALLED ===
[2025-09-29 18:40:13] Firm ID set to: 26
[2025-09-29 18:40:13] Starting worker thread...
[2025-09-29 18:40:13] === WORKER THREAD STARTED ===
[2025-09-29 18:40:13] Attempting database connection...
[2025-09-29 18:40:13] Database connection attempt 1/3
[2025-09-29 18:40:13] Running in executable mode: False
[2025-09-29 18:40:13] Database connection successful on attempt 1
[2025-09-29 18:40:22] Database connection attempt 1/3
[2025-09-29 18:40:22] Running in executable mode: False
[2025-09-29 18:40:22] Database connection successful on attempt 1
[2025-09-29 18:40:22] === LOAD JOB CARDS DATA CALLED ===
[2025-09-29 18:40:22] Firm ID set to: 26
[2025-09-29 18:40:22] Starting worker thread...
[2025-09-29 18:40:22] === WORKER THREAD STARTED ===
[2025-09-29 18:40:22] Attempting database connection...
[2025-09-29 18:40:22] Database connection attempt 1/3
[2025-09-29 18:40:22] Running in executable mode: False
[2025-09-29 18:40:23] Database connection successful on attempt 1
[2025-09-29 18:40:31] Database connection attempt 1/3
[2025-09-29 18:40:31] Running in executable mode: False
[2025-09-29 18:40:32] Database connection successful on attempt 1
[2025-09-29 18:40:32] === LOAD JOB CARDS DATA CALLED ===
[2025-09-29 18:40:32] Firm ID set to: 26
[2025-09-29 18:40:32] Starting worker thread...
[2025-09-29 18:40:32] === WORKER THREAD STARTED ===
[2025-09-29 18:40:32] Attempting database connection...
[2025-09-29 18:40:32] Database connection attempt 1/3
[2025-09-29 18:40:32] Running in executable mode: False
[2025-09-29 18:40:32] Database connection successful on attempt 1
[2025-09-29 18:41:11] Database connection attempt 1/3
[2025-09-29 18:41:11] Running in executable mode: False
[2025-09-29 18:41:12] Database connection successful on attempt 1
[2025-09-29 18:41:12] === LOAD JOB CARDS DATA CALLED ===
[2025-09-29 18:41:12] Firm ID set to: 26
[2025-09-29 18:41:12] Starting worker thread...
[2025-09-29 18:41:12] === WORKER THREAD STARTED ===
[2025-09-29 18:41:12] Attempting database connection...
[2025-09-29 18:41:12] Database connection attempt 1/3
[2025-09-29 18:41:12] Running in executable mode: False
[2025-09-29 18:41:13] Database connection successful on attempt 1
[2025-09-29 18:41:36] Database connection attempt 1/3
[2025-09-29 18:41:36] Running in executable mode: False
[2025-09-29 18:41:36] Database connection successful on attempt 1
[2025-09-29 18:41:50] === LOAD JOB CARDS DATA CALLED ===
[2025-09-29 18:41:50] Firm ID set to: 26
[2025-09-29 18:41:50] Starting worker thread...
[2025-09-29 18:41:50] === WORKER THREAD STARTED ===
[2025-09-29 18:41:50] Attempting database connection...
[2025-09-29 18:41:50] Database connection attempt 1/3
[2025-09-29 18:41:50] Running in executable mode: False
[2025-09-29 18:41:50] Database connection successful on attempt 1
[2025-09-29 18:42:24] === LOAD JOB CARDS DATA CALLED ===
[2025-09-29 18:42:24] Firm ID set to: 26
[2025-09-29 18:42:24] Starting worker thread...
[2025-09-29 18:42:24] === WORKER THREAD STARTED ===
[2025-09-29 18:42:24] Attempting database connection...
[2025-09-29 18:42:24] Database connection attempt 1/3
[2025-09-29 18:42:24] Running in executable mode: False
[2025-09-29 18:42:25] Database connection successful on attempt 1
[2025-09-29 18:42:27] Database connection attempt 1/3
[2025-09-29 18:42:27] Running in executable mode: False
[2025-09-29 18:42:27] Database connection successful on attempt 1
[2025-09-29 18:42:45] Database connection attempt 1/3
[2025-09-29 18:42:45] Running in executable mode: False
[2025-09-29 18:42:45] Database connection successful on attempt 1
[2025-09-29 18:42:46] === LOAD JOB CARDS DATA CALLED ===
[2025-09-29 18:42:46] Firm ID set to: 26
[2025-09-29 18:42:46] Starting worker thread...
[2025-09-29 18:42:46] === WORKER THREAD STARTED ===
[2025-09-29 18:42:46] Attempting database connection...
[2025-09-29 18:42:46] Database connection attempt 1/3
[2025-09-29 18:42:46] Running in executable mode: False
[2025-09-29 18:42:46] Database connection successful on attempt 1
