[2025-09-15 06:30:38] === JOB CARDS PROCESSOR INITIALIZED ===
[2025-09-15 06:30:38] Timestamp: 2025-09-15 06:30:38.729001
[2025-09-15 06:30:38] Python version: 3.12.7 (tags/v3.12.7:0b05ead, Oct  1 2024, 03:06:41) [MSC v.1941 64 bit (AMD64)]
[2025-09-15 06:30:38] Working directory: C:\Users\ACER\Desktop\manak-automation
[2025-09-15 06:30:38] Script directory: C:\Users\ACER\Desktop\manak-automation
[2025-09-15 06:30:38] Log file: C:\Users\ACER\Desktop\manak-automation\logs\job_cards_debug_20250915_063038.log
[2025-09-15 06:30:41] === LOAD JOB CARDS DATA CALLED ===
[2025-09-15 06:30:41] Firm ID set to: 2
[2025-09-15 06:30:41] Starting worker thread...
[2025-09-15 06:30:41] === WORKER THREAD STARTED ===
[2025-09-15 06:30:41] DB Config: host=217.21.85.154, database=u176143338_hallmarkProver
[2025-09-15 06:30:41] Database connection attempt 1/3
[2025-09-15 06:30:41] Running in executable mode: False
[2025-09-15 06:30:41] UNEXPECTED ERROR: cannot access local variable 'mysql' where it is not associated with a value
[2025-09-15 06:30:41] Error type: UnboundLocalError
[2025-09-15 06:32:01] === LOAD JOB CARDS DATA CALLED ===
[2025-09-15 06:32:01] Firm ID set to: 2
[2025-09-15 06:32:01] Starting worker thread...
[2025-09-15 06:32:01] === WORKER THREAD STARTED ===
[2025-09-15 06:32:01] DB Config: host=217.21.85.154, database=u176143338_hallmarkProver
[2025-09-15 06:32:01] Database connection attempt 1/3
[2025-09-15 06:32:01] Running in executable mode: False
[2025-09-15 06:32:01] UNEXPECTED ERROR: cannot access local variable 'mysql' where it is not associated with a value
[2025-09-15 06:32:01] Error type: UnboundLocalError
