[2025-10-03 00:39:01] === JOB CARDS PROCESSOR INITIALIZED ===
[2025-10-03 00:39:01] Timestamp: 2025-10-03 00:39:01.765349
[2025-10-03 00:39:01] Python version: 3.12.7 (tags/v3.12.7:0b05ead, Oct  1 2024, 03:06:41) [MSC v.1941 64 bit (AMD64)]
[2025-10-03 00:39:01] Working directory: C:\Users\ACER\Desktop\manak-automations25\manak-automation
[2025-10-03 00:39:01] Script directory: C:\Users\ACER\Desktop\manak-automations25\manak-automation
[2025-10-03 00:39:01] Log file: C:\Users\ACER\Desktop\manak-automations25\manak-automation\logs\job_cards_debug_20251003_003901.log
[2025-10-03 00:39:25] === LOAD JOB CARDS DATA CALLED ===
[2025-10-03 00:39:25] Firm ID set to: 1
[2025-10-03 00:39:25] Starting worker thread...
[2025-10-03 00:39:25] === WORKER THREAD STARTED ===
[2025-10-03 00:39:25] Attempting database connection...
[2025-10-03 00:39:25] Database connection attempt 1/3
[2025-10-03 00:39:25] Running in executable mode: False
[2025-10-03 00:39:25] Database connection successful on attempt 1
[2025-10-03 00:39:39] Database connection attempt 1/3
[2025-10-03 00:39:39] Running in executable mode: False
[2025-10-03 00:39:39] Database connection successful on attempt 1
[2025-10-03 00:40:25] Database connection attempt 1/3
[2025-10-03 00:40:25] Running in executable mode: False
[2025-10-03 00:40:25] Database connection successful on attempt 1
[2025-10-03 00:40:47] === LOAD JOB CARDS DATA CALLED ===
[2025-10-03 00:40:47] Firm ID set to: 1
[2025-10-03 00:40:47] Starting worker thread...
[2025-10-03 00:40:47] === WORKER THREAD STARTED ===
[2025-10-03 00:40:47] Attempting database connection...
[2025-10-03 00:40:47] Database connection attempt 1/3
[2025-10-03 00:40:47] Running in executable mode: False
[2025-10-03 00:40:48] Database connection successful on attempt 1
[2025-10-03 00:41:02] === LOAD JOB CARDS DATA CALLED ===
[2025-10-03 00:41:02] Firm ID set to: 1
[2025-10-03 00:41:02] Starting worker thread...
[2025-10-03 00:41:02] === WORKER THREAD STARTED ===
[2025-10-03 00:41:02] Attempting database connection...
[2025-10-03 00:41:02] Database connection attempt 1/3
[2025-10-03 00:41:02] Running in executable mode: False
[2025-10-03 00:41:03] Database connection successful on attempt 1
[2025-10-03 00:42:56] Database connection attempt 1/3
[2025-10-03 00:42:56] Running in executable mode: False
[2025-10-03 00:42:57] Database connection successful on attempt 1
[2025-10-03 00:42:58] Database connection attempt 1/3
[2025-10-03 00:42:58] Running in executable mode: False
[2025-10-03 00:42:59] Database connection successful on attempt 1
[2025-10-03 00:42:59] Database connection attempt 1/3
[2025-10-03 00:42:59] Running in executable mode: False
[2025-10-03 00:43:00] Database connection successful on attempt 1
[2025-10-03 00:43:00] === LOAD JOB CARDS DATA CALLED ===
[2025-10-03 00:43:00] Firm ID set to: 1
[2025-10-03 00:43:00] Starting worker thread...
[2025-10-03 00:43:00] === WORKER THREAD STARTED ===
[2025-10-03 00:43:00] Attempting database connection...
[2025-10-03 00:43:00] Database connection attempt 1/3
[2025-10-03 00:43:00] Running in executable mode: False
[2025-10-03 00:43:00] Database connection successful on attempt 1
[2025-10-03 00:46:47] Database connection attempt 1/3
[2025-10-03 00:46:47] Running in executable mode: False
[2025-10-03 00:46:47] Database connection successful on attempt 1
[2025-10-03 00:47:07] === LOAD JOB CARDS DATA CALLED ===
[2025-10-03 00:47:07] Firm ID set to: 1
[2025-10-03 00:47:07] Starting worker thread...
[2025-10-03 00:47:07] === WORKER THREAD STARTED ===
[2025-10-03 00:47:07] Attempting database connection...
[2025-10-03 00:47:07] Database connection attempt 1/3
[2025-10-03 00:47:07] Running in executable mode: False
[2025-10-03 00:47:07] Database connection successful on attempt 1
