[2025-10-06 00:54:00] === JOB CARDS PROCESSOR INITIALIZED ===
[2025-10-06 00:54:00] Timestamp: 2025-10-06 00:54:00.044667
[2025-10-06 00:54:00] Python version: 3.12.7 (tags/v3.12.7:0b05ead, Oct  1 2024, 03:06:41) [MSC v.1941 64 bit (AMD64)]
[2025-10-06 00:54:00] Working directory: C:\Users\ACER\Desktop\manak-automations25\manak-automation
[2025-10-06 00:54:00] Script directory: C:\Users\ACER\Desktop\manak-automations25\manak-automation
[2025-10-06 00:54:00] Log file: C:\Users\ACER\Desktop\manak-automations25\manak-automation\logs\job_cards_debug_20251006_005400.log
[2025-10-06 00:54:27] Database connection attempt 1/3
[2025-10-06 00:54:27] Running in executable mode: False
[2025-10-06 00:54:28] Database connection successful on attempt 1
[2025-10-06 00:54:31] Database connection attempt 1/3
[2025-10-06 00:54:31] Running in executable mode: False
[2025-10-06 00:54:32] Database connection successful on attempt 1
[2025-10-06 00:54:50] === LOAD JOB CARDS DATA CALLED ===
[2025-10-06 00:54:50] Firm ID set to: 2
[2025-10-06 00:54:50] Starting worker thread...
[2025-10-06 00:54:50] === WORKER THREAD STARTED ===
[2025-10-06 00:54:50] Attempting database connection...
[2025-10-06 00:54:50] Database connection attempt 1/3
[2025-10-06 00:54:50] Running in executable mode: False
[2025-10-06 00:54:50] Database connection successful on attempt 1
