[2025-10-03 01:27:42] === JOB CARDS PROCESSOR INITIALIZED ===
[2025-10-03 01:27:42] Timestamp: 2025-10-03 01:27:42.010891
[2025-10-03 01:27:42] Python version: 3.12.7 (tags/v3.12.7:0b05ead, Oct  1 2024, 03:06:41) [MSC v.1941 64 bit (AMD64)]
[2025-10-03 01:27:42] Working directory: C:\Users\ACER\Desktop\manak-automations25\manak-automation
[2025-10-03 01:27:42] Script directory: C:\Users\ACER\Desktop\manak-automations25\manak-automation
[2025-10-03 01:27:42] Log file: C:\Users\ACER\Desktop\manak-automations25\manak-automation\logs\job_cards_debug_20251003_012742.log
[2025-10-03 01:29:21] Database connection attempt 1/3
[2025-10-03 01:29:21] Running in executable mode: False
[2025-10-03 01:29:22] Database connection successful on attempt 1
[2025-10-03 01:30:25] Database connection attempt 1/3
[2025-10-03 01:30:25] Running in executable mode: False
[2025-10-03 01:30:25] Database connection successful on attempt 1
[2025-10-03 01:30:40] Database connection attempt 1/3
[2025-10-03 01:30:40] Running in executable mode: False
[2025-10-03 01:30:40] === LOAD JOB CARDS DATA CALLED ===
[2025-10-03 01:30:40] Firm ID set to: 1
[2025-10-03 01:30:40] Starting worker thread...
[2025-10-03 01:30:40] === WORKER THREAD STARTED ===
[2025-10-03 01:30:40] Attempting database connection...
[2025-10-03 01:30:40] Database connection attempt 1/3
[2025-10-03 01:30:40] Running in executable mode: False
[2025-10-03 01:30:40] Database connection successful on attempt 1
[2025-10-03 01:30:41] Database connection successful on attempt 1
[2025-10-03 01:30:42] Database connection attempt 1/3
[2025-10-03 01:30:42] Running in executable mode: False
[2025-10-03 01:30:42] Database connection successful on attempt 1
[2025-10-03 01:30:42] Database connection attempt 1/3
[2025-10-03 01:30:42] Running in executable mode: False
[2025-10-03 01:30:43] Database connection successful on attempt 1
[2025-10-03 01:30:43] === LOAD JOB CARDS DATA CALLED ===
[2025-10-03 01:30:43] Firm ID set to: 1
[2025-10-03 01:30:43] Starting worker thread...
[2025-10-03 01:30:43] === WORKER THREAD STARTED ===
[2025-10-03 01:30:43] Attempting database connection...
[2025-10-03 01:30:43] Database connection attempt 1/3
[2025-10-03 01:30:43] Running in executable mode: False
[2025-10-03 01:30:43] Database connection successful on attempt 1
[2025-10-03 01:31:44] Database connection attempt 1/3
[2025-10-03 01:31:44] Running in executable mode: False
[2025-10-03 01:31:44] Database connection successful on attempt 1
[2025-10-03 01:32:47] Database connection attempt 1/3
[2025-10-03 01:32:47] Running in executable mode: False
[2025-10-03 01:32:47] Database connection successful on attempt 1
[2025-10-03 01:33:50] Database connection attempt 1/3
[2025-10-03 01:33:50] Running in executable mode: False
[2025-10-03 01:33:51] Database connection successful on attempt 1
[2025-10-03 01:34:54] Database connection attempt 1/3
[2025-10-03 01:34:54] Running in executable mode: False
[2025-10-03 01:34:54] Database connection successful on attempt 1
[2025-10-03 01:35:57] Database connection attempt 1/3
[2025-10-03 01:35:57] Running in executable mode: False
[2025-10-03 01:35:57] Database connection successful on attempt 1
[2025-10-03 01:37:01] Database connection attempt 1/3
[2025-10-03 01:37:01] Running in executable mode: False
[2025-10-03 01:37:01] Database connection successful on attempt 1
[2025-10-03 01:38:04] Database connection attempt 1/3
[2025-10-03 01:38:04] Running in executable mode: False
[2025-10-03 01:38:04] Database connection successful on attempt 1
[2025-10-03 01:39:07] Database connection attempt 1/3
[2025-10-03 01:39:07] Running in executable mode: False
[2025-10-03 01:39:08] Database connection successful on attempt 1
[2025-10-03 01:40:11] Database connection attempt 1/3
[2025-10-03 01:40:11] Running in executable mode: False
[2025-10-03 01:40:11] Database connection successful on attempt 1
[2025-10-03 01:41:14] Database connection attempt 1/3
[2025-10-03 01:41:14] Running in executable mode: False
[2025-10-03 01:41:15] Database connection successful on attempt 1
[2025-10-03 01:42:18] Database connection attempt 1/3
[2025-10-03 01:42:18] Running in executable mode: False
[2025-10-03 01:42:18] Database connection successful on attempt 1
[2025-10-03 01:43:21] Database connection attempt 1/3
[2025-10-03 01:43:21] Running in executable mode: False
[2025-10-03 01:43:22] Database connection successful on attempt 1
[2025-10-03 01:44:25] Database connection attempt 1/3
[2025-10-03 01:44:25] Running in executable mode: False
[2025-10-03 01:44:25] Database connection successful on attempt 1
[2025-10-03 01:45:28] Database connection attempt 1/3
[2025-10-03 01:45:28] Running in executable mode: False
[2025-10-03 01:45:29] Database connection successful on attempt 1
[2025-10-03 01:46:32] Database connection attempt 1/3
[2025-10-03 01:46:32] Running in executable mode: False
[2025-10-03 01:46:32] Database connection successful on attempt 1
[2025-10-03 01:47:35] Database connection attempt 1/3
[2025-10-03 01:47:35] Running in executable mode: False
[2025-10-03 01:47:35] Database connection successful on attempt 1
[2025-10-03 01:48:38] Database connection attempt 1/3
[2025-10-03 01:48:38] Running in executable mode: False
[2025-10-03 01:48:39] Database connection successful on attempt 1
[2025-10-03 01:49:42] Database connection attempt 1/3
[2025-10-03 01:49:42] Running in executable mode: False
[2025-10-03 01:49:42] Database connection successful on attempt 1
[2025-10-03 01:50:45] Database connection attempt 1/3
[2025-10-03 01:50:45] Running in executable mode: False
[2025-10-03 01:50:46] Database connection successful on attempt 1
[2025-10-03 01:51:49] Database connection attempt 1/3
[2025-10-03 01:51:49] Running in executable mode: False
[2025-10-03 01:51:49] Database connection successful on attempt 1
[2025-10-03 01:52:52] Database connection attempt 1/3
[2025-10-03 01:52:52] Running in executable mode: False
[2025-10-03 01:52:52] Database connection successful on attempt 1
[2025-10-03 01:53:55] Database connection attempt 1/3
[2025-10-03 01:53:55] Running in executable mode: False
[2025-10-03 01:53:56] Database connection successful on attempt 1
[2025-10-03 01:54:59] Database connection attempt 1/3
[2025-10-03 01:54:59] Running in executable mode: False
[2025-10-03 01:54:59] Database connection successful on attempt 1
[2025-10-03 01:56:02] Database connection attempt 1/3
[2025-10-03 01:56:02] Running in executable mode: False
[2025-10-03 01:56:03] Database connection successful on attempt 1
