[2025-10-02 23:51:49] === JOB CARDS PROCESSOR INITIALIZED ===
[2025-10-02 23:51:49] Timestamp: 2025-10-02 23:51:49.070437
[2025-10-02 23:51:49] Python version: 3.12.7 (tags/v3.12.7:0b05ead, Oct  1 2024, 03:06:41) [MSC v.1941 64 bit (AMD64)]
[2025-10-02 23:51:49] Working directory: C:\Users\ACER\Desktop\manak-automations25\manak-automation
[2025-10-02 23:51:49] Script directory: C:\Users\ACER\Desktop\manak-automations25\manak-automation
[2025-10-02 23:51:49] Log file: C:\Users\ACER\Desktop\manak-automations25\manak-automation\logs\job_cards_debug_20251002_235149.log
[2025-10-02 23:52:27] Database connection attempt 1/3
[2025-10-02 23:52:27] Running in executable mode: False
[2025-10-02 23:52:28] Database connection successful on attempt 1
[2025-10-02 23:52:36] Database connection attempt 1/3
[2025-10-02 23:52:36] Running in executable mode: False
[2025-10-02 23:52:36] Database connection successful on attempt 1
[2025-10-02 23:52:36] === LOAD JOB CARDS DATA CALLED ===
[2025-10-02 23:52:36] Firm ID set to: 1
[2025-10-02 23:52:36] Starting worker thread...
[2025-10-02 23:52:36] === WORKER THREAD STARTED ===
[2025-10-02 23:52:36] Attempting database connection...
[2025-10-02 23:52:36] Database connection attempt 1/3
[2025-10-02 23:52:36] Running in executable mode: False
[2025-10-02 23:52:37] Database connection successful on attempt 1
[2025-10-02 23:53:11] === LOAD JOB CARDS DATA CALLED ===
[2025-10-02 23:53:11] Firm ID set to: 1
[2025-10-02 23:53:11] Starting worker thread...
[2025-10-02 23:53:11] === WORKER THREAD STARTED ===
[2025-10-02 23:53:11] Attempting database connection...
[2025-10-02 23:53:11] Database connection attempt 1/3
[2025-10-02 23:53:11] Running in executable mode: False
[2025-10-02 23:53:11] Database connection successful on attempt 1
[2025-10-02 23:53:26] === LOAD JOB CARDS DATA CALLED ===
[2025-10-02 23:53:26] Firm ID set to: 1
[2025-10-02 23:53:26] Starting worker thread...
[2025-10-02 23:53:26] === WORKER THREAD STARTED ===
[2025-10-02 23:53:26] Attempting database connection...
[2025-10-02 23:53:26] Database connection attempt 1/3
[2025-10-02 23:53:26] Running in executable mode: False
[2025-10-02 23:53:26] Database connection successful on attempt 1
[2025-10-02 23:53:32] Database connection attempt 1/3
[2025-10-02 23:53:32] Running in executable mode: False
[2025-10-02 23:53:32] Database connection successful on attempt 1
[2025-10-02 23:53:40] === LOAD JOB CARDS DATA CALLED ===
[2025-10-02 23:53:40] Firm ID set to: 1
[2025-10-02 23:53:40] Starting worker thread...
[2025-10-02 23:53:40] === WORKER THREAD STARTED ===
[2025-10-02 23:53:40] Attempting database connection...
[2025-10-02 23:53:40] Database connection attempt 1/3
[2025-10-02 23:53:40] Running in executable mode: False
[2025-10-02 23:53:40] Database connection successful on attempt 1
[2025-10-02 23:55:18] === LOAD JOB CARDS DATA CALLED ===
[2025-10-02 23:55:18] Firm ID set to: 1
[2025-10-02 23:55:18] Starting worker thread...
[2025-10-02 23:55:18] === WORKER THREAD STARTED ===
[2025-10-02 23:55:18] Attempting database connection...
[2025-10-02 23:55:18] Database connection attempt 1/3
[2025-10-02 23:55:18] Running in executable mode: False
[2025-10-02 23:55:19] Database connection successful on attempt 1
[2025-10-02 23:55:26] Database connection attempt 1/3
[2025-10-02 23:55:26] Running in executable mode: False
[2025-10-02 23:55:27] Database connection successful on attempt 1
[2025-10-02 23:55:35] Database connection attempt 1/3
[2025-10-02 23:55:35] Running in executable mode: False
[2025-10-02 23:55:35] Database connection successful on attempt 1
[2025-10-02 23:55:35] === LOAD JOB CARDS DATA CALLED ===
[2025-10-02 23:55:35] Firm ID set to: 1
[2025-10-02 23:55:35] Starting worker thread...
[2025-10-02 23:55:35] === WORKER THREAD STARTED ===
[2025-10-02 23:55:35] Attempting database connection...
[2025-10-02 23:55:35] Database connection attempt 1/3
[2025-10-02 23:55:35] Running in executable mode: False
[2025-10-02 23:55:36] Database connection successful on attempt 1
[2025-10-02 23:57:37] Database connection attempt 1/3
[2025-10-02 23:57:37] Running in executable mode: False
[2025-10-02 23:57:38] Database connection successful on attempt 1
[2025-10-02 23:57:45] === LOAD JOB CARDS DATA CALLED ===
[2025-10-02 23:57:45] Firm ID set to: 1
[2025-10-02 23:57:45] Starting worker thread...
[2025-10-02 23:57:45] === WORKER THREAD STARTED ===
[2025-10-02 23:57:46] Attempting database connection...
[2025-10-02 23:57:46] Database connection attempt 1/3
[2025-10-02 23:57:46] Running in executable mode: False
[2025-10-02 23:57:46] Database connection successful on attempt 1
[2025-10-02 23:58:04] Database connection attempt 1/3
[2025-10-02 23:58:04] Running in executable mode: False
[2025-10-02 23:58:05] Database connection successful on attempt 1
[2025-10-02 23:58:12] === LOAD JOB CARDS DATA CALLED ===
[2025-10-02 23:58:12] Firm ID set to: 1
[2025-10-02 23:58:12] Starting worker thread...
[2025-10-02 23:58:12] === WORKER THREAD STARTED ===
[2025-10-02 23:58:12] Attempting database connection...
[2025-10-02 23:58:12] Database connection attempt 1/3
[2025-10-02 23:58:12] Running in executable mode: False
[2025-10-02 23:58:13] Database connection successful on attempt 1
[2025-10-02 23:59:05] Database connection attempt 1/3
[2025-10-02 23:59:05] Running in executable mode: False
[2025-10-02 23:59:06] Database connection successful on attempt 1
[2025-10-02 23:59:54] Database connection attempt 1/3
[2025-10-02 23:59:54] Running in executable mode: False
[2025-10-02 23:59:55] Database connection successful on attempt 1
[2025-10-03 00:00:08] Database connection attempt 1/3
[2025-10-03 00:00:08] Running in executable mode: False
[2025-10-03 00:00:08] Database connection successful on attempt 1
[2025-10-03 00:00:41] === LOAD JOB CARDS DATA CALLED ===
[2025-10-03 00:00:41] Firm ID set to: 1
[2025-10-03 00:00:41] Starting worker thread...
[2025-10-03 00:00:41] === WORKER THREAD STARTED ===
[2025-10-03 00:00:41] Attempting database connection...
[2025-10-03 00:00:41] Database connection attempt 1/3
[2025-10-03 00:00:41] Running in executable mode: False
[2025-10-03 00:00:41] Database connection successful on attempt 1
