[2025-10-03 00:30:07] === JOB CARDS PROCESSOR INITIALIZED ===
[2025-10-03 00:30:07] Timestamp: 2025-10-03 00:30:07.912696
[2025-10-03 00:30:07] Python version: 3.12.7 (tags/v3.12.7:0b05ead, Oct  1 2024, 03:06:41) [MSC v.1941 64 bit (AMD64)]
[2025-10-03 00:30:07] Working directory: C:\Users\ACER\Desktop\manak-automations25\manak-automation
[2025-10-03 00:30:07] Script directory: C:\Users\ACER\Desktop\manak-automations25\manak-automation
[2025-10-03 00:30:07] Log file: C:\Users\ACER\Desktop\manak-automations25\manak-automation\logs\job_cards_debug_20251003_003007.log
[2025-10-03 00:30:50] Database connection attempt 1/3
[2025-10-03 00:30:50] Running in executable mode: False
[2025-10-03 00:30:51] Database connection successful on attempt 1
[2025-10-03 00:31:40] Database connection attempt 1/3
[2025-10-03 00:31:40] Running in executable mode: False
[2025-10-03 00:31:41] Database connection successful on attempt 1
[2025-10-03 00:31:41] === LOAD JOB CARDS DATA CALLED ===
[2025-10-03 00:31:41] Firm ID set to: 1
[2025-10-03 00:31:41] Starting worker thread...
[2025-10-03 00:31:41] === WORKER THREAD STARTED ===
[2025-10-03 00:31:41] Attempting database connection...
[2025-10-03 00:31:41] Database connection attempt 1/3
[2025-10-03 00:31:41] Running in executable mode: False
[2025-10-03 00:31:42] Database connection successful on attempt 1
