[2025-10-02 16:37:32] === JOB CARDS PROCESSOR INITIALIZED ===
[2025-10-02 16:37:32] Timestamp: 2025-10-02 16:37:32.456856
[2025-10-02 16:37:32] Python version: 3.12.7 (tags/v3.12.7:0b05ead, Oct  1 2024, 03:06:41) [MSC v.1941 64 bit (AMD64)]
[2025-10-02 16:37:32] Working directory: C:\Users\ACER\Desktop\manak-automations25\manak-automation
[2025-10-02 16:37:32] Script directory: C:\Users\ACER\Desktop\manak-automations25\manak-automation
[2025-10-02 16:37:32] Log file: C:\Users\ACER\Desktop\manak-automations25\manak-automation\logs\job_cards_debug_20251002_163732.log
[2025-10-02 16:39:04] Database connection attempt 1/3
[2025-10-02 16:39:04] Running in executable mode: False
[2025-10-02 16:39:05] Database connection attempt 1/3
[2025-10-02 16:39:05] Running in executable mode: False
[2025-10-02 16:39:05] Database connection successful on attempt 1
[2025-10-02 16:39:05] Database connection successful on attempt 1
[2025-10-02 16:39:29] === LOAD JOB CARDS DATA CALLED ===
[2025-10-02 16:39:29] Firm ID set to: 1
[2025-10-02 16:39:29] Starting worker thread...
[2025-10-02 16:39:29] === WORKER THREAD STARTED ===
[2025-10-02 16:39:29] Attempting database connection...
[2025-10-02 16:39:29] Database connection attempt 1/3
[2025-10-02 16:39:29] Running in executable mode: False
[2025-10-02 16:39:29] Database connection successful on attempt 1
[2025-10-02 16:39:41] === LOAD JOB CARDS DATA CALLED ===
[2025-10-02 16:39:41] Firm ID set to: 1
[2025-10-02 16:39:41] Starting worker thread...
[2025-10-02 16:39:41] === WORKER THREAD STARTED ===
[2025-10-02 16:39:41] Attempting database connection...
[2025-10-02 16:39:41] Database connection attempt 1/3
[2025-10-02 16:39:41] Running in executable mode: False
[2025-10-02 16:39:41] Database connection successful on attempt 1
[2025-10-02 16:39:56] === LOAD JOB CARDS DATA CALLED ===
[2025-10-02 16:39:56] Firm ID set to: 1
[2025-10-02 16:39:56] Starting worker thread...
[2025-10-02 16:39:56] === WORKER THREAD STARTED ===
[2025-10-02 16:39:56] Attempting database connection...
[2025-10-02 16:39:56] Database connection attempt 1/3
[2025-10-02 16:39:56] Running in executable mode: False
[2025-10-02 16:39:57] Database connection successful on attempt 1
[2025-10-02 16:39:59] === LOAD JOB CARDS DATA CALLED ===
[2025-10-02 16:39:59] Firm ID set to: 1
[2025-10-02 16:39:59] Starting worker thread...
[2025-10-02 16:39:59] === WORKER THREAD STARTED ===
[2025-10-02 16:39:59] Attempting database connection...
[2025-10-02 16:39:59] Database connection attempt 1/3
[2025-10-02 16:39:59] Running in executable mode: False
[2025-10-02 16:40:00] Database connection successful on attempt 1
[2025-10-02 16:40:02] === LOAD JOB CARDS DATA CALLED ===
[2025-10-02 16:40:02] Firm ID set to: 1
[2025-10-02 16:40:02] Starting worker thread...
[2025-10-02 16:40:02] === WORKER THREAD STARTED ===
[2025-10-02 16:40:02] Attempting database connection...
[2025-10-02 16:40:02] Database connection attempt 1/3
[2025-10-02 16:40:02] Running in executable mode: False
[2025-10-02 16:40:02] Database connection successful on attempt 1
[2025-10-02 16:40:03] === LOAD JOB CARDS DATA CALLED ===
[2025-10-02 16:40:03] Firm ID set to: 1
[2025-10-02 16:40:03] Starting worker thread...
[2025-10-02 16:40:03] === WORKER THREAD STARTED ===
[2025-10-02 16:40:03] Attempting database connection...
[2025-10-02 16:40:03] Database connection attempt 1/3
[2025-10-02 16:40:03] Running in executable mode: False
[2025-10-02 16:40:04] Database connection successful on attempt 1
[2025-10-02 16:40:05] === LOAD JOB CARDS DATA CALLED ===
[2025-10-02 16:40:05] Firm ID set to: 1
[2025-10-02 16:40:05] Starting worker thread...
[2025-10-02 16:40:05] === WORKER THREAD STARTED ===
[2025-10-02 16:40:05] Attempting database connection...
[2025-10-02 16:40:05] Database connection attempt 1/3
[2025-10-02 16:40:05] Running in executable mode: False
[2025-10-02 16:40:06] Database connection successful on attempt 1
