[2025-10-02 16:18:54] === JOB CARDS PROCESSOR INITIALIZED ===
[2025-10-02 16:18:54] Timestamp: 2025-10-02 16:18:54.471239
[2025-10-02 16:18:54] Python version: 3.12.7 (tags/v3.12.7:0b05ead, Oct  1 2024, 03:06:41) [MSC v.1941 64 bit (AMD64)]
[2025-10-02 16:18:54] Working directory: C:\Users\ACER\Desktop\manak-automations25\manak-automation
[2025-10-02 16:18:54] Script directory: C:\Users\ACER\Desktop\manak-automations25\manak-automation
[2025-10-02 16:18:54] Log file: C:\Users\ACER\Desktop\manak-automations25\manak-automation\logs\job_cards_debug_20251002_161854.log
[2025-10-02 16:19:17] === LOAD JOB CARDS DATA CALLED ===
[2025-10-02 16:19:17] Firm ID set to: 1
[2025-10-02 16:19:17] Starting worker thread...
[2025-10-02 16:19:17] === WORKER THREAD STARTED ===
[2025-10-02 16:19:17] Attempting database connection...
[2025-10-02 16:19:17] Database connection attempt 1/3
[2025-10-02 16:19:17] Running in executable mode: False
[2025-10-02 16:19:17] Database connection successful on attempt 1
[2025-10-02 16:37:12] === LOAD JOB CARDS DATA CALLED ===
[2025-10-02 16:37:12] Firm ID set to: 1
[2025-10-02 16:37:12] Starting worker thread...
[2025-10-02 16:37:12] === WORKER THREAD STARTED ===
[2025-10-02 16:37:12] Attempting database connection...
[2025-10-02 16:37:12] Database connection attempt 1/3
[2025-10-02 16:37:12] Running in executable mode: False
[2025-10-02 16:37:13] Database connection successful on attempt 1
