[2025-09-29 19:47:21] === JOB CARDS PROCESSOR INITIALIZED ===
[2025-09-29 19:47:21] Timestamp: 2025-09-29 19:47:21.004623
[2025-09-29 19:47:21] Python version: 3.12.7 (tags/v3.12.7:0b05ead, Oct  1 2024, 03:06:41) [MSC v.1941 64 bit (AMD64)]
[2025-09-29 19:47:21] Working directory: C:\Users\HP\Desktop\manak-automation
[2025-09-29 19:47:21] Script directory: C:\Users\HP\Desktop\manak-automation
[2025-09-29 19:47:21] Log file: C:\Users\HP\Desktop\manak-automation\logs\job_cards_debug_20250929_194721.log
[2025-09-29 19:48:26] === LOAD JOB CARDS DATA CALLED ===
[2025-09-29 19:48:26] Firm ID set to: 1
[2025-09-29 19:48:26] Starting worker thread...
[2025-09-29 19:48:26] === WORKER THREAD STARTED ===
[2025-09-29 19:48:26] Attempting database connection...
[2025-09-29 19:48:26] Database connection attempt 1/3
[2025-09-29 19:48:26] Running in executable mode: False
[2025-09-29 19:48:27] Database connection successful on attempt 1
[2025-09-29 19:48:37] Database connection attempt 1/3
[2025-09-29 19:48:37] Running in executable mode: False
[2025-09-29 19:48:37] Database connection successful on attempt 1
[2025-09-29 19:48:37] Database connection attempt 1/3
[2025-09-29 19:48:37] Running in executable mode: False
[2025-09-29 19:48:38] Database connection successful on attempt 1
[2025-09-29 19:48:51] Database connection attempt 1/3
[2025-09-29 19:48:51] Running in executable mode: False
[2025-09-29 19:48:51] Database connection successful on attempt 1
[2025-09-29 19:48:52] Database connection attempt 1/3
[2025-09-29 19:48:52] Running in executable mode: False
[2025-09-29 19:48:53] Database connection successful on attempt 1
[2025-09-29 19:48:54] Database connection attempt 1/3
[2025-09-29 19:48:54] Running in executable mode: False
[2025-09-29 19:48:54] Database connection successful on attempt 1
[2025-09-29 19:48:55] Database connection attempt 1/3
[2025-09-29 19:48:55] Running in executable mode: False
[2025-09-29 19:48:56] Database connection successful on attempt 1
[2025-09-29 19:48:56] Database connection attempt 1/3
[2025-09-29 19:48:56] Running in executable mode: False
[2025-09-29 19:48:57] Database connection successful on attempt 1
[2025-09-29 19:48:57] === LOAD JOB CARDS DATA CALLED ===
[2025-09-29 19:48:57] Firm ID set to: 1
[2025-09-29 19:48:57] Starting worker thread...
[2025-09-29 19:48:57] === WORKER THREAD STARTED ===
[2025-09-29 19:48:57] Attempting database connection...
[2025-09-29 19:48:57] Database connection attempt 1/3
[2025-09-29 19:48:57] Running in executable mode: False
[2025-09-29 19:48:58] Database connection successful on attempt 1
[2025-09-29 19:49:57] Database connection attempt 1/3
[2025-09-29 19:49:57] Running in executable mode: False
[2025-09-29 19:49:58] Database connection successful on attempt 1
[2025-09-29 19:49:58] Database connection attempt 1/3
[2025-09-29 19:49:58] Running in executable mode: False
