[2025-12-14 02:13:46] === JOB CARDS PROCESSOR INITIALIZED ===
[2025-12-14 02:13:46] Timestamp: 2025-12-14 02:13:46.331136
[2025-12-14 02:13:46] Python version: 3.12.7 (tags/v3.12.7:0b05ead, Oct  1 2024, 03:06:41) [MSC v.1941 64 bit (AMD64)]
[2025-12-14 02:13:46] Working directory: E:\project file automation\manak-automation
[2025-12-14 02:13:46] Script directory: E:\project file automation\manak-automation
[2025-12-14 02:13:46] Log file: E:\project file automation\manak-automation\logs\job_cards_debug_20251214_021346.log
[2025-12-14 02:14:55] Database connection attempt 1/3
[2025-12-14 02:14:55] Running in executable mode: False
[2025-12-14 02:14:56] Database connection successful on attempt 1
[2025-12-14 02:15:14] Database connection attempt 1/3
[2025-12-14 02:15:14] Running in executable mode: False
[2025-12-14 02:15:15] Database connection successful on attempt 1
[2025-12-14 02:15:15] Database connection attempt 1/3
[2025-12-14 02:15:15] Running in executable mode: False
[2025-12-14 02:15:15] Database connection successful on attempt 1
[2025-12-14 02:15:16] Database connection attempt 1/3
[2025-12-14 02:15:16] Running in executable mode: False
[2025-12-14 02:15:17] Database connection successful on attempt 1
[2025-12-14 02:15:17] Database connection attempt 1/3
[2025-12-14 02:15:17] Running in executable mode: False
[2025-12-14 02:15:18] Database connection successful on attempt 1
[2025-12-14 02:15:18] === LOAD JOB CARDS DATA CALLED ===
[2025-12-14 02:15:18] Firm ID set to: 2
[2025-12-14 02:15:18] Starting worker thread...
[2025-12-14 02:15:18] === WORKER THREAD STARTED ===
[2025-12-14 02:15:18] Attempting database connection...
[2025-12-14 02:15:18] Database connection attempt 1/3
[2025-12-14 02:15:18] Running in executable mode: False
[2025-12-14 02:15:18] Database connection successful on attempt 1
[2025-12-14 02:15:59] Database connection attempt 1/3
[2025-12-14 02:15:59] Running in executable mode: False
[2025-12-14 02:15:59] Database connection successful on attempt 1
[2025-12-14 02:16:15] === LOAD JOB CARDS DATA CALLED ===
[2025-12-14 02:16:15] Firm ID set to: 2
[2025-12-14 02:16:15] Starting worker thread...
[2025-12-14 02:16:15] === WORKER THREAD STARTED ===
[2025-12-14 02:16:15] Attempting database connection...
[2025-12-14 02:16:15] Database connection attempt 1/3
[2025-12-14 02:16:15] Running in executable mode: False
[2025-12-14 02:16:16] Database connection successful on attempt 1
[2025-12-14 02:17:02] Database connection attempt 1/3
[2025-12-14 02:17:02] Running in executable mode: False
[2025-12-14 02:17:02] Database connection successful on attempt 1
[2025-12-14 02:17:32] === LOAD JOB CARDS DATA CALLED ===
[2025-12-14 02:17:32] Firm ID set to: 2
[2025-12-14 02:17:32] Starting worker thread...
[2025-12-14 02:17:32] === WORKER THREAD STARTED ===
[2025-12-14 02:17:32] Attempting database connection...
[2025-12-14 02:17:32] Database connection attempt 1/3
[2025-12-14 02:17:32] Running in executable mode: False
[2025-12-14 02:17:32] Database connection successful on attempt 1
[2025-12-14 02:19:25] Database connection attempt 1/3
[2025-12-14 02:19:25] Running in executable mode: False
[2025-12-14 02:19:25] Database connection successful on attempt 1
[2025-12-14 02:19:41] === LOAD JOB CARDS DATA CALLED ===
[2025-12-14 02:19:41] Firm ID set to: 2
[2025-12-14 02:19:41] Starting worker thread...
[2025-12-14 02:19:41] === WORKER THREAD STARTED ===
[2025-12-14 02:19:41] Attempting database connection...
[2025-12-14 02:19:41] Database connection attempt 1/3
[2025-12-14 02:19:41] Running in executable mode: False
[2025-12-14 02:19:41] Database connection successful on attempt 1
[2025-12-14 02:20:28] Database connection attempt 1/3
[2025-12-14 02:20:28] Running in executable mode: False
[2025-12-14 02:20:28] Database connection successful on attempt 1
[2025-12-14 02:20:38] === LOAD JOB CARDS DATA CALLED ===
[2025-12-14 02:20:38] Firm ID set to: 2
[2025-12-14 02:20:38] Starting worker thread...
[2025-12-14 02:20:38] === WORKER THREAD STARTED ===
[2025-12-14 02:20:38] Attempting database connection...
[2025-12-14 02:20:38] Database connection attempt 1/3
[2025-12-14 02:20:38] Running in executable mode: False
[2025-12-14 02:20:39] Database connection successful on attempt 1
[2025-12-14 02:21:45] Database connection attempt 1/3
[2025-12-14 02:21:45] Running in executable mode: False
[2025-12-14 02:21:46] Database connection successful on attempt 1
[2025-12-14 02:21:46] === LOAD JOB CARDS DATA CALLED ===
[2025-12-14 02:21:46] Firm ID set to: 2
[2025-12-14 02:21:46] Starting worker thread...
[2025-12-14 02:21:46] === WORKER THREAD STARTED ===
[2025-12-14 02:21:46] Attempting database connection...
[2025-12-14 02:21:46] Database connection attempt 1/3
[2025-12-14 02:21:46] Running in executable mode: False
[2025-12-14 02:21:46] Database connection successful on attempt 1
[2025-12-14 02:26:55] Database connection attempt 1/3
[2025-12-14 02:26:55] Running in executable mode: False
[2025-12-14 02:26:55] Database connection successful on attempt 1
[2025-12-14 02:27:11] === LOAD JOB CARDS DATA CALLED ===
[2025-12-14 02:27:11] Firm ID set to: 2
[2025-12-14 02:27:11] Starting worker thread...
[2025-12-14 02:27:11] === WORKER THREAD STARTED ===
[2025-12-14 02:27:11] Attempting database connection...
[2025-12-14 02:27:11] Database connection attempt 1/3
[2025-12-14 02:27:11] Running in executable mode: False
[2025-12-14 02:27:12] Database connection successful on attempt 1
[2025-12-14 02:27:58] Database connection attempt 1/3
[2025-12-14 02:27:58] Running in executable mode: False
[2025-12-14 02:27:59] Database connection successful on attempt 1
[2025-12-14 02:28:05] === LOAD JOB CARDS DATA CALLED ===
[2025-12-14 02:28:05] Firm ID set to: 2
[2025-12-14 02:28:05] Starting worker thread...
[2025-12-14 02:28:05] === WORKER THREAD STARTED ===
[2025-12-14 02:28:05] Attempting database connection...
[2025-12-14 02:28:05] Database connection attempt 1/3
[2025-12-14 02:28:05] Running in executable mode: False
[2025-12-14 02:28:05] Database connection successful on attempt 1
