[2025-09-30 16:12:58] === JOB CARDS PROCESSOR INITIALIZED ===
[2025-09-30 16:12:58] Timestamp: 2025-09-30 16:12:58.890279
[2025-09-30 16:12:58] Python version: 3.12.7 (tags/v3.12.7:0b05ead, Oct  1 2024, 03:06:41) [MSC v.1941 64 bit (AMD64)]
[2025-09-30 16:12:58] Working directory: C:\Users\ACER\Desktop\manak-automations25\manak-automation
[2025-09-30 16:12:58] Script directory: C:\Users\ACER\Desktop\manak-automations25\manak-automation
[2025-09-30 16:12:58] Log file: C:\Users\ACER\Desktop\manak-automations25\manak-automation\logs\job_cards_debug_20250930_161258.log
[2025-09-30 16:13:19] === LOAD JOB CARDS DATA CALLED ===
[2025-09-30 16:13:19] Firm ID set to: 1
[2025-09-30 16:13:19] Starting worker thread...
[2025-09-30 16:13:19] === WORKER THREAD STARTED ===
[2025-09-30 16:13:19] Attempting database connection...
[2025-09-30 16:13:19] Database connection attempt 1/3
[2025-09-30 16:13:19] Running in executable mode: False
[2025-09-30 16:13:19] Database connection successful on attempt 1
[2025-09-30 16:15:51] Database connection attempt 1/3
[2025-09-30 16:15:51] Running in executable mode: False
[2025-09-30 16:15:51] Database connection successful on attempt 1
[2025-09-30 16:15:52] Database connection attempt 1/3
[2025-09-30 16:15:52] Running in executable mode: False
[2025-09-30 16:15:52] Database connection successful on attempt 1
[2025-09-30 16:15:53] === LOAD JOB CARDS DATA CALLED ===
[2025-09-30 16:15:53] Firm ID set to: 1
[2025-09-30 16:15:53] Starting worker thread...
[2025-09-30 16:15:53] === WORKER THREAD STARTED ===
[2025-09-30 16:15:53] Attempting database connection...
[2025-09-30 16:15:53] Database connection attempt 1/3
[2025-09-30 16:15:53] Running in executable mode: False
[2025-09-30 16:15:54] Database connection successful on attempt 1
[2025-09-30 16:16:53] Database connection attempt 1/3
[2025-09-30 16:16:53] Running in executable mode: False
[2025-09-30 16:16:54] Database connection successful on attempt 1
[2025-09-30 16:16:54] Database connection attempt 1/3
[2025-09-30 16:16:54] Running in executable mode: False
[2025-09-30 16:16:54] Database connection successful on attempt 1
[2025-09-30 16:16:55] === LOAD JOB CARDS DATA CALLED ===
[2025-09-30 16:16:55] Firm ID set to: 1
[2025-09-30 16:16:55] Starting worker thread...
[2025-09-30 16:16:55] === WORKER THREAD STARTED ===
[2025-09-30 16:16:55] Attempting database connection...
[2025-09-30 16:16:55] Database connection attempt 1/3
[2025-09-30 16:16:55] Running in executable mode: False
[2025-09-30 16:16:56] Database connection successful on attempt 1
[2025-09-30 16:17:55] Database connection attempt 1/3
[2025-09-30 16:17:55] Running in executable mode: False
[2025-09-30 16:17:56] Database connection successful on attempt 1
[2025-09-30 16:17:56] Database connection attempt 1/3
[2025-09-30 16:17:56] Running in executable mode: False
[2025-09-30 16:17:57] Database connection successful on attempt 1
[2025-09-30 16:17:57] === LOAD JOB CARDS DATA CALLED ===
[2025-09-30 16:17:57] Firm ID set to: 1
[2025-09-30 16:17:57] Starting worker thread...
[2025-09-30 16:17:57] === WORKER THREAD STARTED ===
[2025-09-30 16:17:57] Attempting database connection...
[2025-09-30 16:17:57] Database connection attempt 1/3
[2025-09-30 16:17:57] Running in executable mode: False
[2025-09-30 16:17:57] Database connection successful on attempt 1
[2025-09-30 16:18:57] Database connection attempt 1/3
[2025-09-30 16:18:57] Running in executable mode: False
[2025-09-30 16:18:57] Database connection successful on attempt 1
[2025-09-30 16:18:58] Database connection attempt 1/3
[2025-09-30 16:18:58] Running in executable mode: False
[2025-09-30 16:18:58] Database connection successful on attempt 1
[2025-09-30 16:18:59] === LOAD JOB CARDS DATA CALLED ===
[2025-09-30 16:18:59] Firm ID set to: 1
[2025-09-30 16:18:59] Starting worker thread...
[2025-09-30 16:18:59] === WORKER THREAD STARTED ===
[2025-09-30 16:18:59] Attempting database connection...
[2025-09-30 16:18:59] Database connection attempt 1/3
[2025-09-30 16:18:59] Running in executable mode: False
[2025-09-30 16:18:59] Database connection successful on attempt 1
[2025-09-30 16:19:59] Database connection attempt 1/3
[2025-09-30 16:19:59] Running in executable mode: False
[2025-09-30 16:20:00] Database connection successful on attempt 1
[2025-09-30 16:20:00] Database connection attempt 1/3
[2025-09-30 16:20:00] Running in executable mode: False
[2025-09-30 16:20:01] Database connection successful on attempt 1
[2025-09-30 16:20:02] === LOAD JOB CARDS DATA CALLED ===
[2025-09-30 16:20:02] Firm ID set to: 1
[2025-09-30 16:20:02] Starting worker thread...
[2025-09-30 16:20:02] === WORKER THREAD STARTED ===
[2025-09-30 16:20:03] Attempting database connection...
[2025-09-30 16:20:03] Database connection attempt 1/3
[2025-09-30 16:20:03] Running in executable mode: False
[2025-09-30 16:20:04] Database connection successful on attempt 1
[2025-09-30 16:21:03] Database connection attempt 1/3
[2025-09-30 16:21:03] Running in executable mode: False
[2025-09-30 16:21:04] Database connection successful on attempt 1
[2025-09-30 16:21:04] Database connection attempt 1/3
[2025-09-30 16:21:04] Running in executable mode: False
[2025-09-30 16:21:05] Database connection successful on attempt 1
[2025-09-30 16:21:06] === LOAD JOB CARDS DATA CALLED ===
[2025-09-30 16:21:06] Firm ID set to: 1
[2025-09-30 16:21:06] Starting worker thread...
[2025-09-30 16:21:06] === WORKER THREAD STARTED ===
[2025-09-30 16:21:06] Attempting database connection...
[2025-09-30 16:21:06] Database connection attempt 1/3
[2025-09-30 16:21:06] Running in executable mode: False
[2025-09-30 16:21:07] Database connection successful on attempt 1
[2025-09-30 16:22:06] Database connection attempt 1/3
[2025-09-30 16:22:06] Running in executable mode: False
[2025-09-30 16:22:07] Database connection successful on attempt 1
[2025-09-30 16:22:07] Database connection attempt 1/3
[2025-09-30 16:22:07] Running in executable mode: False
[2025-09-30 16:22:08] Database connection successful on attempt 1
[2025-09-30 16:22:09] === LOAD JOB CARDS DATA CALLED ===
[2025-09-30 16:22:09] Firm ID set to: 1
[2025-09-30 16:22:09] Starting worker thread...
[2025-09-30 16:22:09] === WORKER THREAD STARTED ===
[2025-09-30 16:22:10] Attempting database connection...
[2025-09-30 16:22:10] Database connection attempt 1/3
[2025-09-30 16:22:10] Running in executable mode: False
[2025-09-30 16:22:11] Database connection successful on attempt 1
[2025-09-30 16:23:10] Database connection attempt 1/3
[2025-09-30 16:23:10] Running in executable mode: False
[2025-09-30 16:23:11] Database connection successful on attempt 1
[2025-09-30 16:23:11] Database connection attempt 1/3
[2025-09-30 16:23:11] Running in executable mode: False
[2025-09-30 16:23:11] Database connection successful on attempt 1
[2025-09-30 16:23:11] === LOAD JOB CARDS DATA CALLED ===
[2025-09-30 16:23:11] Firm ID set to: 1
[2025-09-30 16:23:11] Starting worker thread...
[2025-09-30 16:23:11] === WORKER THREAD STARTED ===
[2025-09-30 16:23:12] Attempting database connection...
[2025-09-30 16:23:12] Database connection attempt 1/3
[2025-09-30 16:23:12] Running in executable mode: False
[2025-09-30 16:23:12] Database connection successful on attempt 1
[2025-09-30 16:24:12] Database connection attempt 1/3
[2025-09-30 16:24:12] Running in executable mode: False
[2025-09-30 16:24:12] Database connection successful on attempt 1
[2025-09-30 16:24:12] Database connection attempt 1/3
[2025-09-30 16:24:12] Running in executable mode: False
[2025-09-30 16:24:13] Database connection successful on attempt 1
[2025-09-30 16:24:13] === LOAD JOB CARDS DATA CALLED ===
[2025-09-30 16:24:13] Firm ID set to: 1
[2025-09-30 16:24:13] Starting worker thread...
[2025-09-30 16:24:13] === WORKER THREAD STARTED ===
[2025-09-30 16:24:13] Attempting database connection...
[2025-09-30 16:24:13] Database connection attempt 1/3
[2025-09-30 16:24:13] Running in executable mode: False
[2025-09-30 16:24:14] Database connection successful on attempt 1
[2025-09-30 16:25:13] Database connection attempt 1/3
[2025-09-30 16:25:13] Running in executable mode: False
[2025-09-30 16:25:14] Database connection successful on attempt 1
[2025-09-30 16:25:14] Database connection attempt 1/3
[2025-09-30 16:25:14] Running in executable mode: False
[2025-09-30 16:25:15] Database connection successful on attempt 1
[2025-09-30 16:25:15] === LOAD JOB CARDS DATA CALLED ===
[2025-09-30 16:25:15] Firm ID set to: 1
[2025-09-30 16:25:15] Starting worker thread...
[2025-09-30 16:25:15] === WORKER THREAD STARTED ===
[2025-09-30 16:25:15] Attempting database connection...
[2025-09-30 16:25:15] Database connection attempt 1/3
[2025-09-30 16:25:15] Running in executable mode: False
[2025-09-30 16:25:16] Database connection successful on attempt 1
[2025-09-30 16:26:15] Database connection attempt 1/3
[2025-09-30 16:26:15] Running in executable mode: False
[2025-09-30 16:26:16] Database connection successful on attempt 1
[2025-09-30 16:26:16] Database connection attempt 1/3
[2025-09-30 16:26:16] Running in executable mode: False
[2025-09-30 16:26:16] Database connection successful on attempt 1
[2025-09-30 16:26:16] === LOAD JOB CARDS DATA CALLED ===
[2025-09-30 16:26:16] Firm ID set to: 1
[2025-09-30 16:26:16] Starting worker thread...
[2025-09-30 16:26:16] === WORKER THREAD STARTED ===
[2025-09-30 16:26:16] Attempting database connection...
[2025-09-30 16:26:16] Database connection attempt 1/3
[2025-09-30 16:26:16] Running in executable mode: False
[2025-09-30 16:26:17] Database connection successful on attempt 1
