[2025-10-06 00:40:51] === JOB CARDS PROCESSOR INITIALIZED ===
[2025-10-06 00:40:51] Timestamp: 2025-10-06 00:40:51.827524
[2025-10-06 00:40:51] Python version: 3.12.7 (tags/v3.12.7:0b05ead, Oct  1 2024, 03:06:41) [MSC v.1941 64 bit (AMD64)]
[2025-10-06 00:40:51] Working directory: C:\Users\ACER\Desktop\manak-automations25\manak-automation
[2025-10-06 00:40:51] Script directory: C:\Users\ACER\Desktop\manak-automations25\manak-automation
[2025-10-06 00:40:51] Log file: C:\Users\ACER\Desktop\manak-automations25\manak-automation\logs\job_cards_debug_20251006_004051.log
[2025-10-06 00:41:13] Database connection attempt 1/3
[2025-10-06 00:41:13] Running in executable mode: False
[2025-10-06 00:41:13] Database connection successful on attempt 1
[2025-10-06 00:41:17] Database connection attempt 1/3
[2025-10-06 00:41:17] Running in executable mode: False
[2025-10-06 00:41:17] Database connection successful on attempt 1
[2025-10-06 00:41:18] Database connection attempt 1/3
[2025-10-06 00:41:18] Running in executable mode: False
[2025-10-06 00:41:18] Database connection successful on attempt 1
[2025-10-06 00:41:18] Database connection attempt 1/3
[2025-10-06 00:41:18] Running in executable mode: False
[2025-10-06 00:41:19] Database connection successful on attempt 1
[2025-10-06 00:41:19] Database connection attempt 1/3
[2025-10-06 00:41:19] Running in executable mode: False
[2025-10-06 00:41:19] Database connection successful on attempt 1
[2025-10-06 00:41:36] === LOAD JOB CARDS DATA CALLED ===
[2025-10-06 00:41:36] Firm ID set to: 2
[2025-10-06 00:41:36] Starting worker thread...
[2025-10-06 00:41:36] === WORKER THREAD STARTED ===
[2025-10-06 00:41:36] Attempting database connection...
[2025-10-06 00:41:36] Database connection attempt 1/3
[2025-10-06 00:41:36] Running in executable mode: False
[2025-10-06 00:41:36] Database connection successful on attempt 1
[2025-10-06 00:42:16] Database connection attempt 1/3
[2025-10-06 00:42:16] Running in executable mode: False
[2025-10-06 00:42:17] Database connection successful on attempt 1
[2025-10-06 00:42:20] Database connection attempt 1/3
[2025-10-06 00:42:20] Running in executable mode: False
[2025-10-06 00:42:20] Database connection successful on attempt 1
[2025-10-06 00:42:20] Database connection attempt 1/3
[2025-10-06 00:42:20] Running in executable mode: False
[2025-10-06 00:42:21] Database connection successful on attempt 1
[2025-10-06 00:42:21] Database connection attempt 1/3
[2025-10-06 00:42:21] Running in executable mode: False
[2025-10-06 00:42:21] Database connection successful on attempt 1
[2025-10-06 00:42:21] Database connection attempt 1/3
[2025-10-06 00:42:21] Running in executable mode: False
[2025-10-06 00:42:22] Database connection successful on attempt 1
[2025-10-06 00:42:22] Database connection attempt 1/3
[2025-10-06 00:42:22] Running in executable mode: False
[2025-10-06 00:42:22] Database connection successful on attempt 1
[2025-10-06 00:42:22] Database connection attempt 1/3
[2025-10-06 00:42:22] Running in executable mode: False
[2025-10-06 00:42:23] Database connection successful on attempt 1
[2025-10-06 00:42:40] === LOAD JOB CARDS DATA CALLED ===
[2025-10-06 00:42:40] Firm ID set to: 2
[2025-10-06 00:42:40] Starting worker thread...
[2025-10-06 00:42:40] === WORKER THREAD STARTED ===
[2025-10-06 00:42:40] Attempting database connection...
[2025-10-06 00:42:40] Database connection attempt 1/3
[2025-10-06 00:42:40] Running in executable mode: False
[2025-10-06 00:42:40] Database connection successful on attempt 1
[2025-10-06 00:43:20] Database connection attempt 1/3
[2025-10-06 00:43:20] Running in executable mode: False
[2025-10-06 00:43:20] Database connection successful on attempt 1
[2025-10-06 00:43:23] Database connection attempt 1/3
[2025-10-06 00:43:23] Running in executable mode: False
[2025-10-06 00:43:24] Database connection successful on attempt 1
[2025-10-06 00:43:24] Database connection attempt 1/3
[2025-10-06 00:43:24] Running in executable mode: False
[2025-10-06 00:43:24] Database connection successful on attempt 1
[2025-10-06 00:43:24] Database connection attempt 1/3
[2025-10-06 00:43:24] Running in executable mode: False
[2025-10-06 00:43:25] Database connection successful on attempt 1
[2025-10-06 00:43:25] Database connection attempt 1/3
[2025-10-06 00:43:25] Running in executable mode: False
[2025-10-06 00:43:25] Database connection successful on attempt 1
[2025-10-06 00:43:25] Database connection attempt 1/3
[2025-10-06 00:43:25] Running in executable mode: False
[2025-10-06 00:43:26] Database connection successful on attempt 1
[2025-10-06 00:43:42] === LOAD JOB CARDS DATA CALLED ===
[2025-10-06 00:43:42] Firm ID set to: 2
[2025-10-06 00:43:42] Starting worker thread...
[2025-10-06 00:43:42] === WORKER THREAD STARTED ===
[2025-10-06 00:43:42] Attempting database connection...
[2025-10-06 00:43:42] Database connection attempt 1/3
[2025-10-06 00:43:42] Running in executable mode: False
[2025-10-06 00:43:43] Database connection successful on attempt 1
[2025-10-06 00:44:23] Database connection attempt 1/3
[2025-10-06 00:44:23] Running in executable mode: False
[2025-10-06 00:44:24] Database connection successful on attempt 1
[2025-10-06 00:44:27] Database connection attempt 1/3
[2025-10-06 00:44:27] Running in executable mode: False
[2025-10-06 00:44:27] Database connection successful on attempt 1
[2025-10-06 00:44:27] Database connection attempt 1/3
[2025-10-06 00:44:27] Running in executable mode: False
[2025-10-06 00:44:28] Database connection successful on attempt 1
[2025-10-06 00:44:28] Database connection attempt 1/3
[2025-10-06 00:44:28] Running in executable mode: False
[2025-10-06 00:44:28] Database connection successful on attempt 1
[2025-10-06 00:44:28] Database connection attempt 1/3
[2025-10-06 00:44:28] Running in executable mode: False
[2025-10-06 00:44:29] Database connection successful on attempt 1
[2025-10-06 00:44:29] Database connection attempt 1/3
[2025-10-06 00:44:29] Running in executable mode: False
[2025-10-06 00:44:29] Database connection successful on attempt 1
[2025-10-06 00:44:46] === LOAD JOB CARDS DATA CALLED ===
[2025-10-06 00:44:46] Firm ID set to: 2
[2025-10-06 00:44:46] Starting worker thread...
[2025-10-06 00:44:46] === WORKER THREAD STARTED ===
[2025-10-06 00:44:46] Attempting database connection...
[2025-10-06 00:44:47] Database connection attempt 1/3
[2025-10-06 00:44:47] Running in executable mode: False
[2025-10-06 00:44:47] Database connection successful on attempt 1
[2025-10-06 00:45:27] Database connection attempt 1/3
[2025-10-06 00:45:27] Running in executable mode: False
[2025-10-06 00:45:27] Database connection successful on attempt 1
[2025-10-06 00:45:30] Database connection attempt 1/3
[2025-10-06 00:45:30] Running in executable mode: False
[2025-10-06 00:45:31] Database connection successful on attempt 1
[2025-10-06 00:45:31] Database connection attempt 1/3
[2025-10-06 00:45:31] Running in executable mode: False
[2025-10-06 00:45:31] Database connection successful on attempt 1
[2025-10-06 00:45:31] Database connection attempt 1/3
[2025-10-06 00:45:31] Running in executable mode: False
[2025-10-06 00:45:32] Database connection successful on attempt 1
[2025-10-06 00:45:32] Database connection attempt 1/3
[2025-10-06 00:45:32] Running in executable mode: False
[2025-10-06 00:45:32] Database connection successful on attempt 1
[2025-10-06 00:45:33] Database connection attempt 1/3
[2025-10-06 00:45:33] Running in executable mode: False
[2025-10-06 00:45:33] Database connection successful on attempt 1
[2025-10-06 00:45:50] === LOAD JOB CARDS DATA CALLED ===
[2025-10-06 00:45:50] Firm ID set to: 2
[2025-10-06 00:45:50] Starting worker thread...
[2025-10-06 00:45:50] === WORKER THREAD STARTED ===
[2025-10-06 00:45:50] Attempting database connection...
[2025-10-06 00:45:50] Database connection attempt 1/3
[2025-10-06 00:45:50] Running in executable mode: False
[2025-10-06 00:45:50] Database connection successful on attempt 1
[2025-10-06 00:46:30] Database connection attempt 1/3
[2025-10-06 00:46:30] Running in executable mode: False
[2025-10-06 00:46:31] Database connection successful on attempt 1
[2025-10-06 00:46:34] Database connection attempt 1/3
[2025-10-06 00:46:34] Running in executable mode: False
[2025-10-06 00:46:34] Database connection successful on attempt 1
[2025-10-06 00:46:34] Database connection attempt 1/3
[2025-10-06 00:46:34] Running in executable mode: False
[2025-10-06 00:46:35] Database connection successful on attempt 1
[2025-10-06 00:46:35] Database connection attempt 1/3
[2025-10-06 00:46:35] Running in executable mode: False
[2025-10-06 00:46:35] Database connection successful on attempt 1
[2025-10-06 00:46:35] Database connection attempt 1/3
[2025-10-06 00:46:35] Running in executable mode: False
[2025-10-06 00:46:36] Database connection successful on attempt 1
[2025-10-06 00:46:36] Database connection attempt 1/3
[2025-10-06 00:46:36] Running in executable mode: False
[2025-10-06 00:46:36] Database connection successful on attempt 1
[2025-10-06 00:46:53] === LOAD JOB CARDS DATA CALLED ===
[2025-10-06 00:46:53] Firm ID set to: 2
[2025-10-06 00:46:53] Starting worker thread...
[2025-10-06 00:46:53] === WORKER THREAD STARTED ===
[2025-10-06 00:46:53] Attempting database connection...
[2025-10-06 00:46:53] Database connection attempt 1/3
[2025-10-06 00:46:53] Running in executable mode: False
[2025-10-06 00:46:53] Database connection successful on attempt 1
[2025-10-06 00:47:34] Database connection attempt 1/3
[2025-10-06 00:47:34] Running in executable mode: False
[2025-10-06 00:47:34] Database connection successful on attempt 1
[2025-10-06 00:47:37] Database connection attempt 1/3
[2025-10-06 00:47:37] Running in executable mode: False
[2025-10-06 00:47:37] Database connection successful on attempt 1
[2025-10-06 00:47:37] Database connection attempt 1/3
[2025-10-06 00:47:37] Running in executable mode: False
[2025-10-06 00:47:38] Database connection successful on attempt 1
[2025-10-06 00:47:38] Database connection attempt 1/3
[2025-10-06 00:47:38] Running in executable mode: False
[2025-10-06 00:47:38] Database connection successful on attempt 1
[2025-10-06 00:47:39] Database connection attempt 1/3
[2025-10-06 00:47:39] Running in executable mode: False
[2025-10-06 00:47:39] Database connection successful on attempt 1
[2025-10-06 00:47:39] Database connection attempt 1/3
[2025-10-06 00:47:39] Running in executable mode: False
[2025-10-06 00:47:39] Database connection successful on attempt 1
[2025-10-06 00:47:56] === LOAD JOB CARDS DATA CALLED ===
[2025-10-06 00:47:56] Firm ID set to: 2
[2025-10-06 00:47:56] Starting worker thread...
[2025-10-06 00:47:56] === WORKER THREAD STARTED ===
[2025-10-06 00:47:56] Attempting database connection...
[2025-10-06 00:47:56] Database connection attempt 1/3
[2025-10-06 00:47:56] Running in executable mode: False
[2025-10-06 00:47:56] Database connection successful on attempt 1
[2025-10-06 00:48:37] Database connection attempt 1/3
[2025-10-06 00:48:37] Running in executable mode: False
[2025-10-06 00:48:38] Database connection successful on attempt 1
[2025-10-06 00:48:40] Database connection attempt 1/3
[2025-10-06 00:48:40] Running in executable mode: False
[2025-10-06 00:48:41] Database connection successful on attempt 1
[2025-10-06 00:48:41] Database connection attempt 1/3
[2025-10-06 00:48:41] Running in executable mode: False
[2025-10-06 00:48:41] Database connection successful on attempt 1
[2025-10-06 00:48:41] Database connection attempt 1/3
[2025-10-06 00:48:41] Running in executable mode: False
[2025-10-06 00:48:42] Database connection successful on attempt 1
[2025-10-06 00:48:42] Database connection attempt 1/3
[2025-10-06 00:48:42] Running in executable mode: False
[2025-10-06 00:48:42] Database connection successful on attempt 1
[2025-10-06 00:48:42] Database connection attempt 1/3
[2025-10-06 00:48:42] Running in executable mode: False
[2025-10-06 00:48:43] Database connection successful on attempt 1
[2025-10-06 00:48:43] Database connection attempt 1/3
[2025-10-06 00:48:43] Running in executable mode: False
[2025-10-06 00:48:43] Database connection successful on attempt 1
[2025-10-06 00:49:00] === LOAD JOB CARDS DATA CALLED ===
[2025-10-06 00:49:00] Firm ID set to: 2
[2025-10-06 00:49:00] Starting worker thread...
[2025-10-06 00:49:00] === WORKER THREAD STARTED ===
[2025-10-06 00:49:00] Attempting database connection...
[2025-10-06 00:49:00] Database connection attempt 1/3
[2025-10-06 00:49:00] Running in executable mode: False
[2025-10-06 00:49:00] Database connection successful on attempt 1
[2025-10-06 00:49:40] Database connection attempt 1/3
[2025-10-06 00:49:40] Running in executable mode: False
[2025-10-06 00:49:41] Database connection successful on attempt 1
[2025-10-06 00:49:44] Database connection attempt 1/3
[2025-10-06 00:49:44] Running in executable mode: False
[2025-10-06 00:49:44] Database connection successful on attempt 1
[2025-10-06 00:49:44] Database connection attempt 1/3
[2025-10-06 00:49:44] Running in executable mode: False
[2025-10-06 00:49:45] Database connection successful on attempt 1
[2025-10-06 00:49:45] Database connection attempt 1/3
[2025-10-06 00:49:45] Running in executable mode: False
[2025-10-06 00:49:45] Database connection successful on attempt 1
[2025-10-06 00:49:45] Database connection attempt 1/3
[2025-10-06 00:49:45] Running in executable mode: False
[2025-10-06 00:49:46] Database connection successful on attempt 1
[2025-10-06 00:49:46] Database connection attempt 1/3
[2025-10-06 00:49:46] Running in executable mode: False
[2025-10-06 00:49:46] Database connection successful on attempt 1
[2025-10-06 00:50:03] === LOAD JOB CARDS DATA CALLED ===
[2025-10-06 00:50:03] Firm ID set to: 2
[2025-10-06 00:50:03] Starting worker thread...
[2025-10-06 00:50:03] === WORKER THREAD STARTED ===
[2025-10-06 00:50:03] Attempting database connection...
[2025-10-06 00:50:03] Database connection attempt 1/3
[2025-10-06 00:50:03] Running in executable mode: False
[2025-10-06 00:50:03] Database connection successful on attempt 1
[2025-10-06 00:50:44] Database connection attempt 1/3
[2025-10-06 00:50:44] Running in executable mode: False
[2025-10-06 00:50:44] Database connection successful on attempt 1
[2025-10-06 00:50:47] Database connection attempt 1/3
[2025-10-06 00:50:47] Running in executable mode: False
[2025-10-06 00:50:47] Database connection successful on attempt 1
[2025-10-06 00:50:48] Database connection attempt 1/3
[2025-10-06 00:50:48] Running in executable mode: False
[2025-10-06 00:50:48] Database connection successful on attempt 1
[2025-10-06 00:50:48] Database connection attempt 1/3
[2025-10-06 00:50:48] Running in executable mode: False
[2025-10-06 00:50:48] Database connection successful on attempt 1
[2025-10-06 00:50:49] Database connection attempt 1/3
[2025-10-06 00:50:49] Running in executable mode: False
[2025-10-06 00:50:49] Database connection successful on attempt 1
[2025-10-06 00:50:49] Database connection attempt 1/3
[2025-10-06 00:50:49] Running in executable mode: False
[2025-10-06 00:50:49] Database connection successful on attempt 1
[2025-10-06 00:50:50] Database connection attempt 1/3
[2025-10-06 00:50:50] Running in executable mode: False
[2025-10-06 00:50:50] Database connection successful on attempt 1
[2025-10-06 00:51:06] === LOAD JOB CARDS DATA CALLED ===
[2025-10-06 00:51:06] Firm ID set to: 2
[2025-10-06 00:51:06] Starting worker thread...
[2025-10-06 00:51:06] === WORKER THREAD STARTED ===
[2025-10-06 00:51:06] Attempting database connection...
[2025-10-06 00:51:06] Database connection attempt 1/3
[2025-10-06 00:51:06] Running in executable mode: False
[2025-10-06 00:51:06] Database connection successful on attempt 1
[2025-10-06 00:51:47] Database connection attempt 1/3
[2025-10-06 00:51:47] Running in executable mode: False
[2025-10-06 00:51:47] Database connection successful on attempt 1
[2025-10-06 00:51:51] Database connection attempt 1/3
[2025-10-06 00:51:51] Running in executable mode: False
[2025-10-06 00:51:51] Database connection successful on attempt 1
[2025-10-06 00:51:51] Database connection attempt 1/3
[2025-10-06 00:51:51] Running in executable mode: False
[2025-10-06 00:51:51] Database connection successful on attempt 1
[2025-10-06 00:51:52] Database connection attempt 1/3
[2025-10-06 00:51:52] Running in executable mode: False
[2025-10-06 00:51:52] Database connection successful on attempt 1
[2025-10-06 00:51:52] Database connection attempt 1/3
[2025-10-06 00:51:52] Running in executable mode: False
[2025-10-06 00:51:52] Database connection successful on attempt 1
[2025-10-06 00:51:53] Database connection attempt 1/3
[2025-10-06 00:51:53] Running in executable mode: False
[2025-10-06 00:51:53] Database connection successful on attempt 1
[2025-10-06 00:52:09] === LOAD JOB CARDS DATA CALLED ===
[2025-10-06 00:52:09] Firm ID set to: 2
[2025-10-06 00:52:09] Starting worker thread...
[2025-10-06 00:52:09] === WORKER THREAD STARTED ===
[2025-10-06 00:52:09] Attempting database connection...
[2025-10-06 00:52:09] Database connection attempt 1/3
[2025-10-06 00:52:09] Running in executable mode: False
[2025-10-06 00:52:10] Database connection successful on attempt 1
[2025-10-06 00:52:50] Database connection attempt 1/3
[2025-10-06 00:52:50] Running in executable mode: False
[2025-10-06 00:52:51] Database connection successful on attempt 1
[2025-10-06 00:52:54] Database connection attempt 1/3
[2025-10-06 00:52:54] Running in executable mode: False
[2025-10-06 00:52:54] Database connection successful on attempt 1
[2025-10-06 00:52:54] Database connection attempt 1/3
[2025-10-06 00:52:54] Running in executable mode: False
[2025-10-06 00:52:55] Database connection successful on attempt 1
[2025-10-06 00:52:55] Database connection attempt 1/3
[2025-10-06 00:52:55] Running in executable mode: False
[2025-10-06 00:52:55] Database connection successful on attempt 1
[2025-10-06 00:52:55] Database connection attempt 1/3
[2025-10-06 00:52:55] Running in executable mode: False
[2025-10-06 00:52:56] Database connection successful on attempt 1
[2025-10-06 00:52:56] Database connection attempt 1/3
[2025-10-06 00:52:56] Running in executable mode: False
[2025-10-06 00:52:56] Database connection successful on attempt 1
[2025-10-06 00:53:13] === LOAD JOB CARDS DATA CALLED ===
[2025-10-06 00:53:13] Firm ID set to: 2
[2025-10-06 00:53:13] Starting worker thread...
[2025-10-06 00:53:13] === WORKER THREAD STARTED ===
[2025-10-06 00:53:13] Attempting database connection...
[2025-10-06 00:53:13] Database connection attempt 1/3
[2025-10-06 00:53:13] Running in executable mode: False
[2025-10-06 00:53:13] Database connection successful on attempt 1
