[2025-09-29 18:48:47] === JOB CARDS PROCESSOR INITIALIZED ===
[2025-09-29 18:48:47] Timestamp: 2025-09-29 18:48:47.643242
[2025-09-29 18:48:47] Python version: 3.12.7 (tags/v3.12.7:0b05ead, Oct  1 2024, 03:06:41) [MSC v.1941 64 bit (AMD64)]
[2025-09-29 18:48:47] Working directory: C:\Users\HP\Desktop\manak-automation
[2025-09-29 18:48:47] Script directory: C:\Users\HP\Desktop\manak-automation
[2025-09-29 18:48:47] Log file: C:\Users\HP\Desktop\manak-automation\logs\job_cards_debug_20250929_184847.log
[2025-09-29 18:48:56] === LOAD JOB CARDS DATA CALLED ===
[2025-09-29 18:48:56] Firm ID set to: 2
[2025-09-29 18:48:56] Starting worker thread...
[2025-09-29 18:48:56] === WORKER THREAD STARTED ===
[2025-09-29 18:48:56] Attempting database connection...
[2025-09-29 18:48:56] Database connection attempt 1/3
[2025-09-29 18:48:56] Running in executable mode: False
[2025-09-29 18:48:56] Database connection successful on attempt 1
[2025-09-29 18:49:00] === LOAD JOB CARDS DATA CALLED ===
[2025-09-29 18:49:00] Firm ID set to: 26
[2025-09-29 18:49:00] Starting worker thread...
[2025-09-29 18:49:00] === WORKER THREAD STARTED ===
[2025-09-29 18:49:00] Attempting database connection...
[2025-09-29 18:49:00] Database connection attempt 1/3
[2025-09-29 18:49:00] Running in executable mode: False
[2025-09-29 18:49:00] Database connection successful on attempt 1
[2025-09-29 18:49:10] Database connection attempt 1/3
[2025-09-29 18:49:10] Running in executable mode: False
[2025-09-29 18:49:11] Database connection successful on attempt 1
[2025-09-29 18:49:11] === LOAD JOB CARDS DATA CALLED ===
[2025-09-29 18:49:11] Firm ID set to: 26
[2025-09-29 18:49:11] Starting worker thread...
[2025-09-29 18:49:11] === WORKER THREAD STARTED ===
[2025-09-29 18:49:11] Attempting database connection...
[2025-09-29 18:49:11] Database connection attempt 1/3
[2025-09-29 18:49:11] Running in executable mode: False
[2025-09-29 18:49:11] Database connection successful on attempt 1
[2025-09-29 18:50:17] === LOAD JOB CARDS DATA CALLED ===
[2025-09-29 18:50:17] Firm ID set to: 26
[2025-09-29 18:50:17] Starting worker thread...
[2025-09-29 18:50:17] === WORKER THREAD STARTED ===
[2025-09-29 18:50:17] Attempting database connection...
[2025-09-29 18:50:17] Database connection attempt 1/3
[2025-09-29 18:50:17] Running in executable mode: False
[2025-09-29 18:50:17] Database connection successful on attempt 1
[2025-09-29 18:50:26] Database connection attempt 1/3
[2025-09-29 18:50:26] Running in executable mode: False
[2025-09-29 18:50:27] Database connection successful on attempt 1
[2025-09-29 18:50:33] Database connection attempt 1/3
[2025-09-29 18:50:33] Running in executable mode: False
[2025-09-29 18:50:34] Database connection successful on attempt 1
[2025-09-29 18:50:34] === LOAD JOB CARDS DATA CALLED ===
[2025-09-29 18:50:34] Firm ID set to: 26
[2025-09-29 18:50:34] Starting worker thread...
[2025-09-29 18:50:34] === WORKER THREAD STARTED ===
[2025-09-29 18:50:34] Attempting database connection...
[2025-09-29 18:50:34] Database connection attempt 1/3
[2025-09-29 18:50:34] Running in executable mode: False
[2025-09-29 18:50:35] Database connection successful on attempt 1
[2025-09-29 18:51:23] Database connection attempt 1/3
[2025-09-29 18:51:23] Running in executable mode: False
[2025-09-29 18:51:23] Database connection successful on attempt 1
[2025-09-29 18:51:24] Database connection attempt 1/3
[2025-09-29 18:51:24] Running in executable mode: False
[2025-09-29 18:51:24] Database connection successful on attempt 1
[2025-09-29 18:51:26] Database connection attempt 1/3
[2025-09-29 18:51:26] Running in executable mode: False
[2025-09-29 18:51:26] Database connection successful on attempt 1
[2025-09-29 18:51:27] === LOAD JOB CARDS DATA CALLED ===
[2025-09-29 18:51:27] Firm ID set to: 26
[2025-09-29 18:51:27] Starting worker thread...
[2025-09-29 18:51:27] === WORKER THREAD STARTED ===
[2025-09-29 18:51:27] Attempting database connection...
[2025-09-29 18:51:27] Database connection attempt 1/3
[2025-09-29 18:51:27] Running in executable mode: False
[2025-09-29 18:51:27] Database connection successful on attempt 1
[2025-09-29 18:52:27] Database connection attempt 1/3
[2025-09-29 18:52:27] Running in executable mode: False
[2025-09-29 18:52:27] Database connection successful on attempt 1
[2025-09-29 18:53:28] Database connection attempt 1/3
[2025-09-29 18:53:28] Running in executable mode: False
[2025-09-29 18:53:28] Database connection successful on attempt 1
[2025-09-29 18:53:44] === LOAD JOB CARDS DATA CALLED ===
[2025-09-29 18:53:44] Firm ID set to: 26
[2025-09-29 18:53:44] Starting worker thread...
[2025-09-29 18:53:44] === WORKER THREAD STARTED ===
[2025-09-29 18:53:44] Attempting database connection...
[2025-09-29 18:53:44] Database connection attempt 1/3
[2025-09-29 18:53:44] Running in executable mode: False
[2025-09-29 18:53:45] Database connection successful on attempt 1
[2025-09-29 18:54:28] Database connection attempt 1/3
[2025-09-29 18:54:28] Running in executable mode: False
[2025-09-29 18:54:29] Database connection successful on attempt 1
[2025-09-29 18:54:29] Database connection attempt 1/3
[2025-09-29 18:54:29] Running in executable mode: False
[2025-09-29 18:54:30] Database connection successful on attempt 1
[2025-09-29 18:54:31] Database connection attempt 1/3
[2025-09-29 18:54:31] Running in executable mode: False
[2025-09-29 18:54:31] Database connection successful on attempt 1
[2025-09-29 18:54:32] === LOAD JOB CARDS DATA CALLED ===
[2025-09-29 18:54:32] Firm ID set to: 26
[2025-09-29 18:54:32] Starting worker thread...
[2025-09-29 18:54:32] === WORKER THREAD STARTED ===
[2025-09-29 18:54:32] Attempting database connection...
[2025-09-29 18:54:32] Database connection attempt 1/3
[2025-09-29 18:54:32] Running in executable mode: False
[2025-09-29 18:54:32] Database connection successful on attempt 1
[2025-09-29 18:55:32] Database connection attempt 1/3
[2025-09-29 18:55:32] Running in executable mode: False
[2025-09-29 18:55:32] Database connection successful on attempt 1
[2025-09-29 18:56:32] Database connection attempt 1/3
[2025-09-29 18:56:32] Running in executable mode: False
[2025-09-29 18:56:33] Database connection successful on attempt 1
[2025-09-29 18:57:33] Database connection attempt 1/3
[2025-09-29 18:57:33] Running in executable mode: False
[2025-09-29 18:57:34] Database connection successful on attempt 1
[2025-09-29 18:58:34] Database connection attempt 1/3
[2025-09-29 18:58:34] Running in executable mode: False
[2025-09-29 18:58:34] Database connection successful on attempt 1
[2025-09-29 18:59:34] Database connection attempt 1/3
[2025-09-29 18:59:34] Running in executable mode: False
[2025-09-29 18:59:35] Database connection successful on attempt 1
[2025-09-29 19:00:35] Database connection attempt 1/3
[2025-09-29 19:00:35] Running in executable mode: False
[2025-09-29 19:00:35] Database connection successful on attempt 1
[2025-09-29 19:01:36] Database connection attempt 1/3
[2025-09-29 19:01:36] Running in executable mode: False
[2025-09-29 19:01:36] Database connection successful on attempt 1
[2025-09-29 19:02:36] Database connection attempt 1/3
[2025-09-29 19:02:36] Running in executable mode: False
[2025-09-29 19:02:37] Database connection successful on attempt 1
[2025-09-29 19:03:37] Database connection attempt 1/3
[2025-09-29 19:03:37] Running in executable mode: False
[2025-09-29 19:03:37] Database connection successful on attempt 1
[2025-09-29 19:04:38] Database connection attempt 1/3
[2025-09-29 19:04:38] Running in executable mode: False
[2025-09-29 19:04:38] Database connection successful on attempt 1
[2025-09-29 19:05:38] Database connection attempt 1/3
[2025-09-29 19:05:38] Running in executable mode: False
[2025-09-29 19:05:39] Database connection successful on attempt 1
