[2025-10-06 00:18:34] === JOB CARDS PROCESSOR INITIALIZED ===
[2025-10-06 00:18:34] Timestamp: 2025-10-06 00:18:34.258196
[2025-10-06 00:18:34] Python version: 3.12.7 (tags/v3.12.7:0b05ead, Oct  1 2024, 03:06:41) [MSC v.1941 64 bit (AMD64)]
[2025-10-06 00:18:34] Working directory: C:\Users\ACER\Desktop\manak-automations25\manak-automation
[2025-10-06 00:18:34] Script directory: C:\Users\ACER\Desktop\manak-automations25\manak-automation
[2025-10-06 00:18:34] Log file: C:\Users\ACER\Desktop\manak-automations25\manak-automation\logs\job_cards_debug_20251006_001834.log
[2025-10-06 00:18:59] Database connection attempt 1/3
[2025-10-06 00:18:59] Running in executable mode: False
[2025-10-06 00:18:59] Database connection successful on attempt 1
[2025-10-06 00:19:10] === LOAD JOB CARDS DATA CALLED ===
[2025-10-06 00:19:10] Firm ID set to: 2
[2025-10-06 00:19:10] Starting worker thread...
[2025-10-06 00:19:10] === WORKER THREAD STARTED ===
[2025-10-06 00:19:10] Attempting database connection...
[2025-10-06 00:19:10] Database connection attempt 1/3
[2025-10-06 00:19:10] Running in executable mode: False
[2025-10-06 00:19:10] Database connection successful on attempt 1
[2025-10-06 00:19:11] === LOAD JOB CARDS DATA CALLED ===
[2025-10-06 00:19:11] Firm ID set to: 2
[2025-10-06 00:19:11] Starting worker thread...
[2025-10-06 00:19:11] === WORKER THREAD STARTED ===
[2025-10-06 00:19:11] Attempting database connection...
[2025-10-06 00:19:11] Database connection attempt 1/3
[2025-10-06 00:19:11] Running in executable mode: False
[2025-10-06 00:19:11] Database connection successful on attempt 1
[2025-10-06 00:19:16] Database connection attempt 1/3
[2025-10-06 00:19:16] Running in executable mode: False
[2025-10-06 00:19:16] Database connection successful on attempt 1
[2025-10-06 00:19:27] === LOAD JOB CARDS DATA CALLED ===
[2025-10-06 00:19:27] Firm ID set to: 2
[2025-10-06 00:19:27] Starting worker thread...
[2025-10-06 00:19:27] === WORKER THREAD STARTED ===
[2025-10-06 00:19:27] Attempting database connection...
[2025-10-06 00:19:27] Database connection attempt 1/3
[2025-10-06 00:19:27] Running in executable mode: False
[2025-10-06 00:19:28] Database connection successful on attempt 1
[2025-10-06 00:22:01] === LOAD JOB CARDS DATA CALLED ===
[2025-10-06 00:22:01] Firm ID set to: 2
[2025-10-06 00:22:01] Starting worker thread...
[2025-10-06 00:22:01] === WORKER THREAD STARTED ===
[2025-10-06 00:22:01] Attempting database connection...
[2025-10-06 00:22:01] Database connection attempt 1/3
[2025-10-06 00:22:01] Running in executable mode: False
[2025-10-06 00:22:01] Database connection successful on attempt 1
[2025-10-06 00:22:05] Database connection attempt 1/3
[2025-10-06 00:22:05] Running in executable mode: False
[2025-10-06 00:22:05] Database connection successful on attempt 1
[2025-10-06 00:22:19] Database connection attempt 1/3
[2025-10-06 00:22:19] Running in executable mode: False
[2025-10-06 00:22:19] Database connection successful on attempt 1
[2025-10-06 00:22:19] Database connection attempt 1/3
[2025-10-06 00:22:19] Running in executable mode: False
[2025-10-06 00:22:20] Database connection successful on attempt 1
[2025-10-06 00:22:20] === LOAD JOB CARDS DATA CALLED ===
[2025-10-06 00:22:20] Firm ID set to: 2
[2025-10-06 00:22:20] Starting worker thread...
[2025-10-06 00:22:20] === WORKER THREAD STARTED ===
[2025-10-06 00:22:20] Attempting database connection...
[2025-10-06 00:22:20] Database connection attempt 1/3
[2025-10-06 00:22:20] Running in executable mode: False
[2025-10-06 00:22:20] Database connection successful on attempt 1
[2025-10-06 00:22:49] === LOAD JOB CARDS DATA CALLED ===
[2025-10-06 00:22:49] Firm ID set to: 2
[2025-10-06 00:22:49] Starting worker thread...
[2025-10-06 00:22:49] === WORKER THREAD STARTED ===
[2025-10-06 00:22:49] Attempting database connection...
[2025-10-06 00:22:49] Database connection attempt 1/3
[2025-10-06 00:22:49] Running in executable mode: False
[2025-10-06 00:22:49] Database connection successful on attempt 1
[2025-10-06 00:22:53] Database connection attempt 1/3
[2025-10-06 00:22:53] Running in executable mode: False
[2025-10-06 00:22:53] Database connection successful on attempt 1
[2025-10-06 00:23:00] Database connection attempt 1/3
[2025-10-06 00:23:00] Running in executable mode: False
[2025-10-06 00:23:01] Database connection successful on attempt 1
[2025-10-06 00:23:01] Database connection attempt 1/3
[2025-10-06 00:23:01] Running in executable mode: False
[2025-10-06 00:23:02] Database connection successful on attempt 1
[2025-10-06 00:23:02] Database connection attempt 1/3
[2025-10-06 00:23:02] Running in executable mode: False
[2025-10-06 00:23:03] Database connection successful on attempt 1
[2025-10-06 00:23:03] Database connection attempt 1/3
[2025-10-06 00:23:03] Running in executable mode: False
[2025-10-06 00:23:03] Database connection successful on attempt 1
[2025-10-06 00:23:04] Database connection attempt 1/3
[2025-10-06 00:23:04] Running in executable mode: False
[2025-10-06 00:23:04] Database connection successful on attempt 1
[2025-10-06 00:23:04] Database connection attempt 1/3
[2025-10-06 00:23:04] Running in executable mode: False
[2025-10-06 00:23:05] Database connection successful on attempt 1
[2025-10-06 00:23:05] Database connection attempt 1/3
[2025-10-06 00:23:05] Running in executable mode: False
[2025-10-06 00:23:06] Database connection successful on attempt 1
[2025-10-06 00:23:06] Database connection attempt 1/3
[2025-10-06 00:23:06] Running in executable mode: False
[2025-10-06 00:23:06] Database connection successful on attempt 1
[2025-10-06 00:23:07] Database connection attempt 1/3
[2025-10-06 00:23:07] Running in executable mode: False
[2025-10-06 00:23:07] Database connection successful on attempt 1
[2025-10-06 00:23:07] Database connection attempt 1/3
[2025-10-06 00:23:07] Running in executable mode: False
[2025-10-06 00:23:08] Database connection successful on attempt 1
[2025-10-06 00:23:09] Database connection attempt 1/3
[2025-10-06 00:23:09] Running in executable mode: False
[2025-10-06 00:23:09] Database connection successful on attempt 1
[2025-10-06 00:23:09] Database connection attempt 1/3
[2025-10-06 00:23:09] Running in executable mode: False
[2025-10-06 00:23:09] Database connection successful on attempt 1
[2025-10-06 00:23:10] Database connection attempt 1/3
[2025-10-06 00:23:10] Running in executable mode: False
[2025-10-06 00:23:10] Database connection successful on attempt 1
[2025-10-06 00:23:11] Database connection attempt 1/3
[2025-10-06 00:23:11] Running in executable mode: False
[2025-10-06 00:23:11] Database connection successful on attempt 1
[2025-10-06 00:23:12] Database connection attempt 1/3
[2025-10-06 00:23:12] Running in executable mode: False
[2025-10-06 00:23:12] Database connection successful on attempt 1
[2025-10-06 00:23:12] Database connection attempt 1/3
[2025-10-06 00:23:12] Running in executable mode: False
[2025-10-06 00:23:13] Database connection successful on attempt 1
[2025-10-06 00:23:13] Database connection attempt 1/3
[2025-10-06 00:23:13] Running in executable mode: False
[2025-10-06 00:23:13] Database connection successful on attempt 1
[2025-10-06 00:23:14] Database connection attempt 1/3
[2025-10-06 00:23:14] Running in executable mode: False
[2025-10-06 00:23:14] Database connection successful on attempt 1
[2025-10-06 00:23:14] Database connection attempt 1/3
[2025-10-06 00:23:14] Running in executable mode: False
[2025-10-06 00:23:15] Database connection successful on attempt 1
[2025-10-06 00:23:15] Database connection attempt 1/3
[2025-10-06 00:23:15] Running in executable mode: False
[2025-10-06 00:23:16] Database connection successful on attempt 1
[2025-10-06 00:23:21] === LOAD JOB CARDS DATA CALLED ===
[2025-10-06 00:23:21] Firm ID set to: 2
[2025-10-06 00:23:21] Starting worker thread...
[2025-10-06 00:23:21] === WORKER THREAD STARTED ===
[2025-10-06 00:23:22] Attempting database connection...
[2025-10-06 00:23:22] Database connection attempt 1/3
[2025-10-06 00:23:22] Running in executable mode: False
[2025-10-06 00:23:22] Database connection successful on attempt 1
[2025-10-06 00:30:27] === LOAD JOB CARDS DATA CALLED ===
[2025-10-06 00:30:27] Firm ID set to: 2
[2025-10-06 00:30:27] Starting worker thread...
[2025-10-06 00:30:27] === WORKER THREAD STARTED ===
[2025-10-06 00:30:27] Attempting database connection...
[2025-10-06 00:30:27] Database connection attempt 1/3
[2025-10-06 00:30:27] Running in executable mode: False
[2025-10-06 00:30:27] Database connection successful on attempt 1
[2025-10-06 00:31:14] === LOAD JOB CARDS DATA CALLED ===
[2025-10-06 00:31:14] Firm ID set to: 2
[2025-10-06 00:31:14] Starting worker thread...
[2025-10-06 00:31:14] === WORKER THREAD STARTED ===
[2025-10-06 00:31:14] Attempting database connection...
[2025-10-06 00:31:14] Database connection attempt 1/3
[2025-10-06 00:31:14] Running in executable mode: False
[2025-10-06 00:31:14] Database connection successful on attempt 1
[2025-10-06 00:32:00] === LOAD JOB CARDS DATA CALLED ===
[2025-10-06 00:32:00] Firm ID set to: 2
[2025-10-06 00:32:00] Starting worker thread...
[2025-10-06 00:32:00] === WORKER THREAD STARTED ===
[2025-10-06 00:32:01] Attempting database connection...
[2025-10-06 00:32:01] Database connection attempt 1/3
[2025-10-06 00:32:01] Running in executable mode: False
[2025-10-06 00:32:01] Database connection successful on attempt 1
[2025-10-06 00:32:49] Database connection attempt 1/3
[2025-10-06 00:32:49] Running in executable mode: False
[2025-10-06 00:32:49] Database connection successful on attempt 1
[2025-10-06 00:32:56] Database connection attempt 1/3
[2025-10-06 00:32:56] Running in executable mode: False
[2025-10-06 00:32:57] Database connection successful on attempt 1
[2025-10-06 00:32:57] Database connection attempt 1/3
[2025-10-06 00:32:57] Running in executable mode: False
[2025-10-06 00:32:58] Database connection successful on attempt 1
[2025-10-06 00:32:58] Database connection attempt 1/3
[2025-10-06 00:32:58] Running in executable mode: False
[2025-10-06 00:32:59] Database connection successful on attempt 1
[2025-10-06 00:32:59] Database connection attempt 1/3
[2025-10-06 00:32:59] Running in executable mode: False
[2025-10-06 00:33:00] Database connection successful on attempt 1
[2025-10-06 00:33:00] Database connection attempt 1/3
[2025-10-06 00:33:00] Running in executable mode: False
[2025-10-06 00:33:00] Database connection successful on attempt 1
[2025-10-06 00:33:01] Database connection attempt 1/3
[2025-10-06 00:33:01] Running in executable mode: False
[2025-10-06 00:33:01] Database connection successful on attempt 1
[2025-10-06 00:33:02] Database connection attempt 1/3
[2025-10-06 00:33:02] Running in executable mode: False
[2025-10-06 00:33:02] Database connection successful on attempt 1
[2025-10-06 00:33:03] Database connection attempt 1/3
[2025-10-06 00:33:03] Running in executable mode: False
[2025-10-06 00:33:03] Database connection successful on attempt 1
[2025-10-06 00:33:03] Database connection attempt 1/3
[2025-10-06 00:33:03] Running in executable mode: False
[2025-10-06 00:33:04] Database connection successful on attempt 1
[2025-10-06 00:33:05] Database connection attempt 1/3
[2025-10-06 00:33:05] Running in executable mode: False
[2025-10-06 00:33:05] Database connection successful on attempt 1
[2025-10-06 00:33:06] Database connection attempt 1/3
[2025-10-06 00:33:06] Running in executable mode: False
[2025-10-06 00:33:06] Database connection successful on attempt 1
[2025-10-06 00:33:07] Database connection attempt 1/3
[2025-10-06 00:33:07] Running in executable mode: False
[2025-10-06 00:33:07] Database connection successful on attempt 1
[2025-10-06 00:33:07] Database connection attempt 1/3
[2025-10-06 00:33:07] Running in executable mode: False
[2025-10-06 00:33:08] Database connection successful on attempt 1
[2025-10-06 00:33:08] Database connection attempt 1/3
[2025-10-06 00:33:08] Running in executable mode: False
[2025-10-06 00:33:09] Database connection successful on attempt 1
[2025-10-06 00:33:25] === LOAD JOB CARDS DATA CALLED ===
[2025-10-06 00:33:25] Firm ID set to: 2
[2025-10-06 00:33:25] Starting worker thread...
[2025-10-06 00:33:25] === WORKER THREAD STARTED ===
[2025-10-06 00:33:25] Attempting database connection...
[2025-10-06 00:33:25] Database connection attempt 1/3
[2025-10-06 00:33:25] Running in executable mode: False
[2025-10-06 00:33:26] Database connection successful on attempt 1
[2025-10-06 00:33:32] Database connection attempt 1/3
[2025-10-06 00:33:32] Running in executable mode: False
[2025-10-06 00:33:32] Database connection successful on attempt 1
[2025-10-06 00:33:55] === LOAD JOB CARDS DATA CALLED ===
[2025-10-06 00:33:55] Firm ID set to: 2
[2025-10-06 00:33:55] Starting worker thread...
[2025-10-06 00:33:55] === WORKER THREAD STARTED ===
[2025-10-06 00:33:55] Attempting database connection...
[2025-10-06 00:33:55] Database connection attempt 1/3
[2025-10-06 00:33:55] Running in executable mode: False
[2025-10-06 00:33:55] Database connection successful on attempt 1
[2025-10-06 00:34:11] === LOAD JOB CARDS DATA CALLED ===
[2025-10-06 00:34:11] Firm ID set to: 2
[2025-10-06 00:34:11] Starting worker thread...
[2025-10-06 00:34:11] === WORKER THREAD STARTED ===
[2025-10-06 00:34:11] Attempting database connection...
[2025-10-06 00:34:11] Database connection attempt 1/3
[2025-10-06 00:34:11] Running in executable mode: False
[2025-10-06 00:34:11] Database connection successful on attempt 1
[2025-10-06 00:34:21] Database connection attempt 1/3
[2025-10-06 00:34:21] Running in executable mode: False
[2025-10-06 00:34:21] Database connection successful on attempt 1
[2025-10-06 00:34:44] === LOAD JOB CARDS DATA CALLED ===
[2025-10-06 00:34:44] Firm ID set to: 2
[2025-10-06 00:34:44] Starting worker thread...
[2025-10-06 00:34:44] === WORKER THREAD STARTED ===
[2025-10-06 00:34:44] Attempting database connection...
[2025-10-06 00:34:44] Database connection attempt 1/3
[2025-10-06 00:34:44] Running in executable mode: False
[2025-10-06 00:34:44] Database connection successful on attempt 1
[2025-10-06 00:36:43] Database connection attempt 1/3
[2025-10-06 00:36:43] Running in executable mode: False
[2025-10-06 00:36:43] Database connection successful on attempt 1
[2025-10-06 00:37:05] === LOAD JOB CARDS DATA CALLED ===
[2025-10-06 00:37:05] Firm ID set to: 2
[2025-10-06 00:37:05] Starting worker thread...
[2025-10-06 00:37:05] === WORKER THREAD STARTED ===
[2025-10-06 00:37:05] Attempting database connection...
[2025-10-06 00:37:05] Database connection attempt 1/3
[2025-10-06 00:37:05] Running in executable mode: False
[2025-10-06 00:37:06] Database connection successful on attempt 1
[2025-10-06 00:37:46] Database connection attempt 1/3
[2025-10-06 00:37:46] Running in executable mode: False
[2025-10-06 00:37:47] Database connection successful on attempt 1
[2025-10-06 00:38:09] === LOAD JOB CARDS DATA CALLED ===
[2025-10-06 00:38:09] Firm ID set to: 2
[2025-10-06 00:38:09] Starting worker thread...
[2025-10-06 00:38:09] === WORKER THREAD STARTED ===
[2025-10-06 00:38:09] Attempting database connection...
[2025-10-06 00:38:09] Database connection attempt 1/3
[2025-10-06 00:38:09] Running in executable mode: False
[2025-10-06 00:38:10] Database connection successful on attempt 1
[2025-10-06 00:38:50] Database connection attempt 1/3
[2025-10-06 00:38:50] Running in executable mode: False
[2025-10-06 00:38:50] Database connection successful on attempt 1
[2025-10-06 00:39:12] === LOAD JOB CARDS DATA CALLED ===
[2025-10-06 00:39:12] Firm ID set to: 2
[2025-10-06 00:39:12] Starting worker thread...
[2025-10-06 00:39:12] === WORKER THREAD STARTED ===
[2025-10-06 00:39:12] Attempting database connection...
[2025-10-06 00:39:12] Database connection attempt 1/3
[2025-10-06 00:39:12] Running in executable mode: False
[2025-10-06 00:39:13] Database connection successful on attempt 1
