[2025-09-29 19:06:38] === JOB CARDS PROCESSOR INITIALIZED ===
[2025-09-29 19:06:38] Timestamp: 2025-09-29 19:06:38.379129
[2025-09-29 19:06:38] Python version: 3.12.7 (tags/v3.12.7:0b05ead, Oct  1 2024, 03:06:41) [MSC v.1941 64 bit (AMD64)]
[2025-09-29 19:06:38] Working directory: C:\Users\HP\Desktop\manak-automation
[2025-09-29 19:06:38] Script directory: C:\Users\HP\Desktop\manak-automation
[2025-09-29 19:06:38] Log file: C:\Users\HP\Desktop\manak-automation\logs\job_cards_debug_20250929_190638.log
[2025-09-29 19:08:04] === LOAD JOB CARDS DATA CALLED ===
[2025-09-29 19:08:04] Firm ID set to: 26
[2025-09-29 19:08:04] Starting worker thread...
[2025-09-29 19:08:04] === WORKER THREAD STARTED ===
[2025-09-29 19:08:04] Attempting database connection...
[2025-09-29 19:08:04] Database connection attempt 1/3
[2025-09-29 19:08:04] Running in executable mode: False
[2025-09-29 19:08:04] Database connection successful on attempt 1
[2025-09-29 19:09:46] Database connection attempt 1/3
[2025-09-29 19:09:46] Running in executable mode: False
[2025-09-29 19:09:46] Database connection successful on attempt 1
[2025-09-29 19:09:47] Database connection attempt 1/3
[2025-09-29 19:09:47] Running in executable mode: False
[2025-09-29 19:09:47] Database connection successful on attempt 1
[2025-09-29 19:09:53] === LOAD JOB CARDS DATA CALLED ===
[2025-09-29 19:09:53] Firm ID set to: 26
[2025-09-29 19:09:53] Starting worker thread...
[2025-09-29 19:09:53] === WORKER THREAD STARTED ===
[2025-09-29 19:09:53] Attempting database connection...
[2025-09-29 19:09:53] Database connection attempt 1/3
[2025-09-29 19:09:53] Running in executable mode: False
[2025-09-29 19:09:54] Database connection successful on attempt 1
[2025-09-29 19:10:53] Database connection attempt 1/3
[2025-09-29 19:10:53] Running in executable mode: False
[2025-09-29 19:10:54] Database connection successful on attempt 1
[2025-09-29 19:10:54] Database connection attempt 1/3
[2025-09-29 19:10:54] Running in executable mode: False
[2025-09-29 19:10:54] Database connection successful on attempt 1
[2025-09-29 19:11:00] === LOAD JOB CARDS DATA CALLED ===
[2025-09-29 19:11:00] Firm ID set to: 26
[2025-09-29 19:11:00] Starting worker thread...
[2025-09-29 19:11:00] === WORKER THREAD STARTED ===
[2025-09-29 19:11:00] Attempting database connection...
[2025-09-29 19:11:00] Database connection attempt 1/3
[2025-09-29 19:11:00] Running in executable mode: False
[2025-09-29 19:11:01] Database connection successful on attempt 1
[2025-09-29 19:12:00] Database connection attempt 1/3
[2025-09-29 19:12:00] Running in executable mode: False
[2025-09-29 19:12:01] Database connection successful on attempt 1
[2025-09-29 19:12:01] Database connection attempt 1/3
[2025-09-29 19:12:01] Running in executable mode: False
[2025-09-29 19:12:01] Database connection successful on attempt 1
[2025-09-29 19:12:07] === LOAD JOB CARDS DATA CALLED ===
[2025-09-29 19:12:07] Firm ID set to: 26
[2025-09-29 19:12:07] Starting worker thread...
[2025-09-29 19:12:07] === WORKER THREAD STARTED ===
[2025-09-29 19:12:07] Attempting database connection...
[2025-09-29 19:12:07] Database connection attempt 1/3
[2025-09-29 19:12:07] Running in executable mode: False
[2025-09-29 19:12:08] Database connection successful on attempt 1
[2025-09-29 19:13:07] Database connection attempt 1/3
[2025-09-29 19:13:07] Running in executable mode: False
[2025-09-29 19:13:07] Database connection successful on attempt 1
[2025-09-29 19:13:08] Database connection attempt 1/3
[2025-09-29 19:13:08] Running in executable mode: False
[2025-09-29 19:13:08] Database connection successful on attempt 1
[2025-09-29 19:13:09] Database connection attempt 1/3
[2025-09-29 19:13:09] Running in executable mode: False
[2025-09-29 19:13:10] Database connection successful on attempt 1
[2025-09-29 19:13:10] === LOAD JOB CARDS DATA CALLED ===
[2025-09-29 19:13:10] Firm ID set to: 26
[2025-09-29 19:13:10] Starting worker thread...
[2025-09-29 19:13:10] === WORKER THREAD STARTED ===
[2025-09-29 19:13:10] Attempting database connection...
[2025-09-29 19:13:10] Database connection attempt 1/3
[2025-09-29 19:13:10] Running in executable mode: False
[2025-09-29 19:13:10] Database connection successful on attempt 1
[2025-09-29 19:13:49] === LOAD JOB CARDS DATA CALLED ===
[2025-09-29 19:13:49] Firm ID set to: 26
[2025-09-29 19:13:49] Starting worker thread...
[2025-09-29 19:13:49] === WORKER THREAD STARTED ===
[2025-09-29 19:13:49] Attempting database connection...
[2025-09-29 19:13:49] Database connection attempt 1/3
[2025-09-29 19:13:49] Running in executable mode: False
[2025-09-29 19:13:50] Database connection successful on attempt 1
[2025-09-29 19:13:54] Database connection attempt 1/3
[2025-09-29 19:13:54] Running in executable mode: False
[2025-09-29 19:13:54] Database connection successful on attempt 1
[2025-09-29 19:13:56] Database connection attempt 1/3
[2025-09-29 19:13:56] Running in executable mode: False
[2025-09-29 19:13:56] Database connection successful on attempt 1
[2025-09-29 19:13:57] === LOAD JOB CARDS DATA CALLED ===
[2025-09-29 19:13:57] Firm ID set to: 26
[2025-09-29 19:13:57] Starting worker thread...
[2025-09-29 19:13:57] === WORKER THREAD STARTED ===
[2025-09-29 19:13:57] Attempting database connection...
[2025-09-29 19:13:57] Database connection attempt 1/3
[2025-09-29 19:13:57] Running in executable mode: False
[2025-09-29 19:13:57] Database connection successful on attempt 1
[2025-09-29 19:14:10] Database connection attempt 1/3
[2025-09-29 19:14:10] Running in executable mode: False
[2025-09-29 19:14:10] Database connection successful on attempt 1
[2025-09-29 19:15:11] Database connection attempt 1/3
[2025-09-29 19:15:11] Running in executable mode: False
[2025-09-29 19:15:11] Database connection successful on attempt 1
[2025-09-29 19:15:11] Database connection attempt 1/3
[2025-09-29 19:15:11] Running in executable mode: False
[2025-09-29 19:15:12] Database connection successful on attempt 1
[2025-09-29 19:15:13] Database connection attempt 1/3
[2025-09-29 19:15:13] Running in executable mode: False
[2025-09-29 19:15:13] Database connection successful on attempt 1
[2025-09-29 19:15:14] === LOAD JOB CARDS DATA CALLED ===
[2025-09-29 19:15:14] Firm ID set to: 26
[2025-09-29 19:15:14] Starting worker thread...
[2025-09-29 19:15:14] === WORKER THREAD STARTED ===
[2025-09-29 19:15:14] Attempting database connection...
[2025-09-29 19:15:14] Database connection attempt 1/3
[2025-09-29 19:15:14] Running in executable mode: False
[2025-09-29 19:15:14] Database connection successful on attempt 1
[2025-09-29 19:16:14] Database connection attempt 1/3
[2025-09-29 19:16:14] Running in executable mode: False
[2025-09-29 19:16:14] Database connection successful on attempt 1
[2025-09-29 19:17:14] Database connection attempt 1/3
[2025-09-29 19:17:14] Running in executable mode: False
[2025-09-29 19:17:15] Database connection successful on attempt 1
[2025-09-29 19:18:15] Database connection attempt 1/3
[2025-09-29 19:18:15] Running in executable mode: False
[2025-09-29 19:18:16] Database connection successful on attempt 1
[2025-09-29 19:19:16] Database connection attempt 1/3
[2025-09-29 19:19:16] Running in executable mode: False
[2025-09-29 19:19:16] Database connection successful on attempt 1
[2025-09-29 19:20:16] Database connection attempt 1/3
[2025-09-29 19:20:16] Running in executable mode: False
[2025-09-29 19:20:17] Database connection successful on attempt 1
