[2025-10-03 01:06:15] === JOB CARDS PROCESSOR INITIALIZED ===
[2025-10-03 01:06:15] Timestamp: 2025-10-03 01:06:15.462458
[2025-10-03 01:06:15] Python version: 3.12.7 (tags/v3.12.7:0b05ead, Oct  1 2024, 03:06:41) [MSC v.1941 64 bit (AMD64)]
[2025-10-03 01:06:15] Working directory: C:\Users\ACER\Desktop\manak-automations25\manak-automation
[2025-10-03 01:06:15] Script directory: C:\Users\ACER\Desktop\manak-automations25\manak-automation
[2025-10-03 01:06:15] Log file: C:\Users\ACER\Desktop\manak-automations25\manak-automation\logs\job_cards_debug_20251003_010615.log
[2025-10-03 01:07:57] Database connection attempt 1/3
[2025-10-03 01:07:57] Running in executable mode: False
[2025-10-03 01:07:58] Database connection successful on attempt 1
[2025-10-03 01:08:01] Database connection attempt 1/3
[2025-10-03 01:08:01] Running in executable mode: False
[2025-10-03 01:08:01] Database connection successful on attempt 1
[2025-10-03 01:08:03] Database connection attempt 1/3
[2025-10-03 01:08:03] Running in executable mode: False
[2025-10-03 01:08:03] Database connection successful on attempt 1
[2025-10-03 01:08:03] Database connection attempt 1/3
[2025-10-03 01:08:03] Running in executable mode: False
[2025-10-03 01:08:04] Database connection successful on attempt 1
[2025-10-03 01:08:04] === LOAD JOB CARDS DATA CALLED ===
[2025-10-03 01:08:04] Firm ID set to: 1
[2025-10-03 01:08:04] Starting worker thread...
[2025-10-03 01:08:04] === WORKER THREAD STARTED ===
[2025-10-03 01:08:04] Attempting database connection...
[2025-10-03 01:08:04] Database connection attempt 1/3
[2025-10-03 01:08:04] Running in executable mode: False
[2025-10-03 01:08:04] Database connection successful on attempt 1
[2025-10-03 01:09:01] Database connection attempt 1/3
[2025-10-03 01:09:01] Running in executable mode: False
[2025-10-03 01:09:02] Database connection successful on attempt 1
[2025-10-03 01:10:05] Database connection attempt 1/3
[2025-10-03 01:10:05] Running in executable mode: False
[2025-10-03 01:10:05] Database connection successful on attempt 1
[2025-10-03 01:10:43] === LOAD JOB CARDS DATA CALLED ===
[2025-10-03 01:10:43] Firm ID set to: 1
[2025-10-03 01:10:43] Starting worker thread...
[2025-10-03 01:10:43] === WORKER THREAD STARTED ===
[2025-10-03 01:10:43] Attempting database connection...
[2025-10-03 01:10:43] Database connection attempt 1/3
[2025-10-03 01:10:43] Running in executable mode: False
[2025-10-03 01:10:43] Database connection successful on attempt 1
[2025-10-03 01:11:46] Database connection attempt 1/3
[2025-10-03 01:11:46] Running in executable mode: False
[2025-10-03 01:11:46] Database connection successful on attempt 1
[2025-10-03 01:11:47] Database connection attempt 1/3
[2025-10-03 01:11:47] Running in executable mode: False
[2025-10-03 01:11:48] Database connection successful on attempt 1
[2025-10-03 01:11:48] Database connection attempt 1/3
[2025-10-03 01:11:48] Running in executable mode: False
[2025-10-03 01:11:48] Database connection successful on attempt 1
[2025-10-03 01:11:48] === LOAD JOB CARDS DATA CALLED ===
[2025-10-03 01:11:48] Firm ID set to: 1
[2025-10-03 01:11:48] Starting worker thread...
[2025-10-03 01:11:48] === WORKER THREAD STARTED ===
[2025-10-03 01:11:49] Attempting database connection...
[2025-10-03 01:11:49] Database connection attempt 1/3
[2025-10-03 01:11:49] Running in executable mode: False
[2025-10-03 01:11:49] Database connection successful on attempt 1
[2025-10-03 01:12:50] Database connection attempt 1/3
[2025-10-03 01:12:50] Running in executable mode: False
[2025-10-03 01:12:50] Database connection successful on attempt 1
[2025-10-03 01:13:53] Database connection attempt 1/3
[2025-10-03 01:13:53] Running in executable mode: False
[2025-10-03 01:13:53] Database connection successful on attempt 1
[2025-10-03 01:14:56] Database connection attempt 1/3
[2025-10-03 01:14:56] Running in executable mode: False
[2025-10-03 01:14:57] Database connection successful on attempt 1
[2025-10-03 01:16:00] Database connection attempt 1/3
[2025-10-03 01:16:00] Running in executable mode: False
[2025-10-03 01:16:00] Database connection successful on attempt 1
[2025-10-03 01:17:03] Database connection attempt 1/3
[2025-10-03 01:17:03] Running in executable mode: False
[2025-10-03 01:17:04] Database connection successful on attempt 1
[2025-10-03 01:18:07] Database connection attempt 1/3
[2025-10-03 01:18:07] Running in executable mode: False
[2025-10-03 01:18:07] Database connection successful on attempt 1
