[9888:5284:0725/191345.402:ERROR:components\os_crypt\sync\os_crypt_win.cc:105] Failed to decrypt: Key not valid for use in specified state. (0x8009000B)
[9888:5284:0725/191345.516:INFO:components\enterprise\browser\controller\chrome_browser_cloud_management_controller.cc:202] No machine level policy manager exists.
[2216:5532:0725/191346.133:ERROR:ui\gl\direct_composition_support.cc:879] CheckFormatSupport failed: Unspecified error (0x80004005)
[14252:7024:0725/191346.634:WARNING:net\spdy\spdy_session.cc:3054] Received HEADERS for invalid stream 1
[9888:5284:0725/191347.435:INFO:CONSOLE:0] "[DOM] Password field is not contained in a form: (More info: https://goo.gl/9p2vKq) %o", source: https://huid.manakonline.in/MANAK/eBISLogin (0)
[9888:5284:0725/191347.435:INFO:CONSOLE:0] "[DOM] Password field is not contained in a form: (More info: https://goo.gl/9p2vKq) %o", source: https://huid.manakonline.in/MANAK/eBISLogin (0)
[9888:12328:0725/191350.241:ERROR:google_apis\gcm\engine\gcm_store_impl.cc:942] Failed to restore security token.
[9888:12184:0725/191351.824:ERROR:google_apis\gcm\engine\registration_request.cc:291] Registration response error message: DEPRECATED_ENDPOINT
[9888:12184:0725/191352.078:ERROR:google_apis\gcm\engine\mcs_client.cc:700]   Error code: 401  Error message: Authentication Failed: wrong_secret
[9888:12184:0725/191352.078:ERROR:google_apis\gcm\engine\mcs_client.cc:702] Failed to log in to GCM, resetting connection.
[9888:12184:0725/191421.377:ERROR:google_apis\gcm\engine\registration_request.cc:291] Registration response error message: DEPRECATED_ENDPOINT
[2216:5532:0725/191451.520:ERROR:ui\gl\direct_composition_support.cc:879] CheckFormatSupport failed: Unspecified error (0x80004005)
[9888:12184:0725/191514.902:ERROR:google_apis\gcm\engine\registration_request.cc:291] Registration response error message: DEPRECATED_ENDPOINT
[9888:5284:0725/191639.652:INFO:CONSOLE:1] "Uncaught TypeError: Cannot read properties of undefined (reading 'ext')", source: https://huid.manakonline.in/MANAK/resources/app_srv/GlobalPages/CommonUtility/JS/buttons.print.min.js (1)
[10360:8792:0725/191645.855:ERROR:services\on_device_model\ml\gpu_blocklist.cc:125] WebGPU blocked on this device
[9888:5284:0725/191645.877:ERROR:services\on_device_model\public\cpp\service_client.cc:36] Unexpected on_device_model service disconnect: The device's GPU is not supported.
[9888:5284:0725/191651.771:INFO:CONSOLE:1] "Uncaught TypeError: Cannot read properties of undefined (reading 'ext')", source: https://huid.manakonline.in/MANAK/resources/app_srv/GlobalPages/CommonUtility/JS/buttons.print.min.js (1)
[9888:5284:0725/191654.497:INFO:CONSOLE:1] "Uncaught TypeError: Cannot read properties of undefined (reading 'ext')", source: https://huid.manakonline.in/MANAK/resources/app_srv/GlobalPages/CommonUtility/JS/buttons.print.min.js (1)
[9888:5284:0725/191657.269:INFO:CONSOLE:1] "Uncaught TypeError: Cannot read properties of undefined (reading 'ext')", source: https://huid.manakonline.in/MANAK/resources/app_srv/GlobalPages/CommonUtility/JS/buttons.print.min.js (1)
[9888:12184:0725/191712.569:ERROR:google_apis\gcm\engine\registration_request.cc:291] Registration response error message: DEPRECATED_ENDPOINT
